#
# There is insufficient memory for the Java Runtime Environment to continue.
# Native memory allocation (malloc) failed to allocate 464832 bytes for Chunk::new
# Possible reasons:
#   The system is out of physical RAM or swap space
#   The process is running with CompressedOops enabled, and the Java Heap may be blocking the growth of the native heap
# Possible solutions:
#   Reduce memory load on the system
#   Increase physical memory or swap space
#   Check if swap backing store is full
#   Decrease Java heap size (-Xmx/-Xms)
#   Decrease number of Java threads
#   Decrease Java thread stack sizes (-Xss)
#   Set larger code cache with -XX:ReservedCodeCacheSize=
#   JVM is running with Zero Based Compressed Oops mode in which the Java heap is
#     placed in the first 32GB address space. The Java Heap base address is the
#     maximum limit for the native heap growth. Please use -XX:HeapBaseMinAddress
#     to set the Java Heap base and to place the Java Heap above 32GB virtual address.
# This output file may be truncated or incomplete.
#
#  Out of Memory Error (arena.cpp:184), pid=14212, tid=1036
#
# JRE version: Java(TM) SE Runtime Environment (19.0.2+7) (build 19.0.2+7-44)
# Java VM: Java HotSpot(TM) 64-Bit Server VM (19.0.2+7-44, mixed mode, sharing, tiered, compressed oops, compressed class ptrs, g1 gc, windows-amd64)
# No core dump will be written. Minidumps are not enabled by default on client versions of Windows
#

---------------  S U M M A R Y ------------

Command Line: -javaagent:C:\Program Files\JetBrains\IntelliJ IDEA Community Edition 2022.3.2\lib\idea_rt.jar=54397:C:\Program Files\JetBrains\IntelliJ IDEA Community Edition 2022.3.2\bin -Dfile.encoding=UTF-8 -Dsun.stdout.encoding=UTF-8 -Dsun.stderr.encoding=UTF-8 com.example.simplespringsecurity.SimplespringsecurityApplicationKt

Host: Intel(R) Core(TM) i7-8700K CPU @ 3.70GHz, 12 cores, 15G,  Windows 10 , 64 bit Build 19041 (10.0.19041.3636)
Time: Wed Feb  7 15:30:33 2024 Mitteleuropäische Zeit elapsed time: 1.103535 seconds (0d 0h 0m 1s)

---------------  T H R E A D  ---------------

Current thread (0x0000025c31b61150):  JavaThread "C2 CompilerThread0" daemon [_thread_in_native, id=1036, stack(0x000000907fc00000,0x000000907fd00000)]


Current CompileTask:
C2:   1103 1653       4       java.io.DataInputStream::readUTF (501 bytes)

Stack: [0x000000907fc00000,0x000000907fd00000]
Native frames: (J=compiled Java code, j=interpreted, Vv=VM code, C=native code)
V  [jvm.dll+0x6ee21a]
V  [jvm.dll+0x85765e]
V  [jvm.dll+0x85904e]
V  [jvm.dll+0x859703]
V  [jvm.dll+0x28298f]
V  [jvm.dll+0xc9adf]
V  [jvm.dll+0xc9e65]
V  [jvm.dll+0x3bca4c]
V  [jvm.dll+0x1ee29a]
V  [jvm.dll+0x24c52b]
V  [jvm.dll+0x24b781]
V  [jvm.dll+0x1d6ce1]
V  [jvm.dll+0x25b25a]
V  [jvm.dll+0x2596e8]
V  [jvm.dll+0x807588]
V  [jvm.dll+0x80125a]
V  [jvm.dll+0x6ecf0b]
C  [ucrtbase.dll+0x21bb2]
C  [KERNEL32.DLL+0x17344]
C  [ntdll.dll+0x526b1]


---------------  P R O C E S S  ---------------

Threads class SMR info:
_java_thread_list=0x0000025c32b1ab20, length=15, elements={
0x0000025c099763b0, 0x0000025c2c896e20, 0x0000025c2c897cd0, 0x0000025c2c89b7e0,
0x0000025c2c89e9e0, 0x0000025c31b54800, 0x0000025c31b565c0, 0x0000025c31b61150,
0x0000025c31b74730, 0x0000025c31b74cb0, 0x0000025c31c32360, 0x0000025c31fdcae0,
0x0000025c31fdd020, 0x0000025c32af84a0, 0x0000025c3297a050
}

Java Threads: ( => current thread )
  0x0000025c099763b0 JavaThread "main" [_thread_in_vm, id=37208, stack(0x000000907ee00000,0x000000907ef00000)]
  0x0000025c2c896e20 JavaThread "Reference Handler" daemon [_thread_blocked, id=36516, stack(0x000000907f600000,0x000000907f700000)]
  0x0000025c2c897cd0 JavaThread "Finalizer" daemon [_thread_blocked, id=26508, stack(0x000000907f700000,0x000000907f800000)]
  0x0000025c2c89b7e0 JavaThread "Signal Dispatcher" daemon [_thread_blocked, id=19048, stack(0x000000907f800000,0x000000907f900000)]
  0x0000025c2c89e9e0 JavaThread "Attach Listener" daemon [_thread_blocked, id=29484, stack(0x000000907f900000,0x000000907fa00000)]
  0x0000025c31b54800 JavaThread "Service Thread" daemon [_thread_blocked, id=10808, stack(0x000000907fa00000,0x000000907fb00000)]
  0x0000025c31b565c0 JavaThread "Monitor Deflation Thread" daemon [_thread_blocked, id=27076, stack(0x000000907fb00000,0x000000907fc00000)]
=>0x0000025c31b61150 JavaThread "C2 CompilerThread0" daemon [_thread_in_native, id=1036, stack(0x000000907fc00000,0x000000907fd00000)]
  0x0000025c31b74730 JavaThread "C1 CompilerThread0" daemon [_thread_blocked, id=40140, stack(0x000000907fd00000,0x000000907fe00000)]
  0x0000025c31b74cb0 JavaThread "Sweeper thread" daemon [_thread_blocked, id=25884, stack(0x000000907fe00000,0x000000907ff00000)]
  0x0000025c31c32360 JavaThread "Common-Cleaner" daemon [_thread_blocked, id=13832, stack(0x000000907ff00000,0x0000009080000000)]
  0x0000025c31fdcae0 JavaThread "Monitor Ctrl-Break" daemon [_thread_in_native, id=37300, stack(0x0000009000100000,0x0000009000200000)]
  0x0000025c31fdd020 JavaThread "Notification Thread" daemon [_thread_blocked, id=7684, stack(0x0000009000200000,0x0000009000300000)]
  0x0000025c32af84a0 JavaThread "background-preinit" [_thread_in_vm, id=37240, stack(0x0000009000000000,0x0000009000100000)]
  0x0000025c3297a050 JavaThread "C2 CompilerThread1" daemon [_thread_blocked, id=19336, stack(0x0000009000b00000,0x0000009000c00000)]

Other Threads:
  0x0000025c2c884b00 VMThread "VM Thread" [stack: 0x000000907f500000,0x000000907f600000] [id=31780]
  0x0000025c31fdf990 WatcherThread "VM Periodic Task Thread" [stack: 0x0000009000300000,0x0000009000400000] [id=796]
  0x0000025c099e7b50 WorkerThread "GC Thread#0" [stack: 0x000000907f000000,0x000000907f100000] [id=35752]
  0x0000025c2c884830 WorkerThread "GC Thread#1" [stack: 0x0000009000400000,0x0000009000500000] [id=1912]
  0x0000025c2c886180 WorkerThread "GC Thread#2" [stack: 0x0000009000500000,0x0000009000600000] [id=21848]
  0x0000025c2c8850a0 WorkerThread "GC Thread#3" [stack: 0x0000009000600000,0x0000009000700000] [id=32200]
  0x0000025c2c885640 WorkerThread "GC Thread#4" [stack: 0x0000009000700000,0x0000009000800000] [id=28688]
  0x0000025c2c885be0 WorkerThread "GC Thread#5" [stack: 0x0000009000800000,0x0000009000900000] [id=12612]
  0x0000025c2c885eb0 WorkerThread "GC Thread#6" [stack: 0x0000009000900000,0x0000009000a00000] [id=27488]
  0x0000025c2c884560 WorkerThread "GC Thread#7" [stack: 0x0000009000a00000,0x0000009000b00000] [id=16684]
  0x0000025c32e64dd0 WorkerThread "GC Thread#8" [stack: 0x0000009000c00000,0x0000009000d00000] [id=35836]
  0x0000025c32e62670 WorkerThread "GC Thread#9" [stack: 0x0000009000d00000,0x0000009000e00000] [id=20348]
  0x0000025c099f8d40 ConcurrentGCThread "G1 Main Marker" [stack: 0x000000907f100000,0x000000907f200000] [id=18384]
  0x0000025c099fa660 WorkerThread "G1 Conc#0" [stack: 0x000000907f200000,0x000000907f300000] [id=39300]
  0x0000025c2c736050 ConcurrentGCThread "G1 Refine#0" [stack: 0x000000907f300000,0x000000907f400000] [id=37080]
  0x0000025c2c7379b0 ConcurrentGCThread "G1 Service" [stack: 0x000000907f400000,0x000000907f500000] [id=11188]

Threads with active compile tasks:
C2 CompilerThread0     1130 1653       4       java.io.DataInputStream::readUTF (501 bytes)

VM state: not at safepoint (normal execution)

VM Mutex/Monitor currently owned by a thread:  ([mutex/lock_event])
[0x0000025c0766f710] Metaspace_lock - owner thread: 0x0000025c099763b0

Heap address: 0x0000000700e00000, size: 4082 MB, Compressed Oops mode: Zero based, Oop shift amount: 3

CDS archive(s) mapped at: [0x0000000800000000-0x0000000800c40000-0x0000000800c40000), size 12845056, SharedBaseAddress: 0x0000000800000000, ArchiveRelocationMode: 0.
Compressed class space mapped at: 0x0000000801000000-0x0000000841000000, reserved size: 1073741824
Narrow klass base: 0x0000000800000000, Narrow klass shift: 0, Narrow klass range: 0x100000000

GC Precious Log:
 CardTable entry size: 512
 Card Set container configuration: InlinePtr #cards 4 size 8 Array Of Cards #cards 16 size 48 Howl #buckets 8 coarsen threshold 3686 Howl Bitmap #cards 512 size 80 coarsen threshold 460 Card regions per heap region 1 cards per card region 4096
 CPUs: 12 total, 12 available
 Memory: 16322M
 Large Page Support: Disabled
 NUMA Support: Disabled
 Compressed Oops: Enabled (Zero based)
 Heap Region Size: 2M
 Heap Min Capacity: 8M
 Heap Initial Capacity: 256M
 Heap Max Capacity: 4082M
 Pre-touch: Disabled
 Parallel Workers: 10
 Concurrent Workers: 3
 Concurrent Refinement Workers: 10
 Periodic GC: Disabled

Heap:
 garbage-first heap   total 262144K, used 13652K [0x0000000700e00000, 0x0000000800000000)
  region size 2048K, 4 young (8192K), 1 survivors (2048K)
 Metaspace       used 14016K, committed 14272K, reserved 1114112K
  class space    used 1610K, committed 1728K, reserved 1048576K

Heap Regions: E=young(eden), S=young(survivor), O=old, HS=humongous(starts), HC=humongous(continues), CS=collection set, F=free, OA=open archive, CA=closed archive, TAMS=top-at-mark-start (previous, next)
|   0|0x0000000700e00000, 0x0000000701000000, 0x0000000701000000|100%| O|  |TAMS 0x0000000700e00000, 0x0000000700e00000| Untracked 
|   1|0x0000000701000000, 0x0000000701200000, 0x0000000701200000|100%| O|  |TAMS 0x0000000701000000, 0x0000000701000000| Untracked 
|   2|0x0000000701200000, 0x0000000701400000, 0x0000000701400000|100%| O|  |TAMS 0x0000000701200000, 0x0000000701200000| Untracked 
|   3|0x0000000701400000, 0x000000070157b200, 0x0000000701600000| 74%| O|  |TAMS 0x0000000701400000, 0x0000000701400000| Untracked 
|   4|0x0000000701600000, 0x0000000701600000, 0x0000000701800000|  0%| F|  |TAMS 0x0000000701600000, 0x0000000701600000| Untracked 
|   5|0x0000000701800000, 0x0000000701800000, 0x0000000701a00000|  0%| F|  |TAMS 0x0000000701800000, 0x0000000701800000| Untracked 
|   6|0x0000000701a00000, 0x0000000701a00000, 0x0000000701c00000|  0%| F|  |TAMS 0x0000000701a00000, 0x0000000701a00000| Untracked 
|   7|0x0000000701c00000, 0x0000000701c00000, 0x0000000701e00000|  0%| F|  |TAMS 0x0000000701c00000, 0x0000000701c00000| Untracked 
|   8|0x0000000701e00000, 0x0000000701e00000, 0x0000000702000000|  0%| F|  |TAMS 0x0000000701e00000, 0x0000000701e00000| Untracked 
|   9|0x0000000702000000, 0x0000000702000000, 0x0000000702200000|  0%| F|  |TAMS 0x0000000702000000, 0x0000000702000000| Untracked 
|  10|0x0000000702200000, 0x0000000702200000, 0x0000000702400000|  0%| F|  |TAMS 0x0000000702200000, 0x0000000702200000| Untracked 
|  11|0x0000000702400000, 0x0000000702400000, 0x0000000702600000|  0%| F|  |TAMS 0x0000000702400000, 0x0000000702400000| Untracked 
|  12|0x0000000702600000, 0x0000000702600000, 0x0000000702800000|  0%| F|  |TAMS 0x0000000702600000, 0x0000000702600000| Untracked 
|  13|0x0000000702800000, 0x0000000702800000, 0x0000000702a00000|  0%| F|  |TAMS 0x0000000702800000, 0x0000000702800000| Untracked 
|  14|0x0000000702a00000, 0x0000000702a00000, 0x0000000702c00000|  0%| F|  |TAMS 0x0000000702a00000, 0x0000000702a00000| Untracked 
|  15|0x0000000702c00000, 0x0000000702c00000, 0x0000000702e00000|  0%| F|  |TAMS 0x0000000702c00000, 0x0000000702c00000| Untracked 
|  16|0x0000000702e00000, 0x0000000702e00000, 0x0000000703000000|  0%| F|  |TAMS 0x0000000702e00000, 0x0000000702e00000| Untracked 
|  17|0x0000000703000000, 0x0000000703000000, 0x0000000703200000|  0%| F|  |TAMS 0x0000000703000000, 0x0000000703000000| Untracked 
|  18|0x0000000703200000, 0x0000000703200000, 0x0000000703400000|  0%| F|  |TAMS 0x0000000703200000, 0x0000000703200000| Untracked 
|  19|0x0000000703400000, 0x0000000703400000, 0x0000000703600000|  0%| F|  |TAMS 0x0000000703400000, 0x0000000703400000| Untracked 
|  20|0x0000000703600000, 0x0000000703600000, 0x0000000703800000|  0%| F|  |TAMS 0x0000000703600000, 0x0000000703600000| Untracked 
|  21|0x0000000703800000, 0x0000000703800000, 0x0000000703a00000|  0%| F|  |TAMS 0x0000000703800000, 0x0000000703800000| Untracked 
|  22|0x0000000703a00000, 0x0000000703a00000, 0x0000000703c00000|  0%| F|  |TAMS 0x0000000703a00000, 0x0000000703a00000| Untracked 
|  23|0x0000000703c00000, 0x0000000703c00000, 0x0000000703e00000|  0%| F|  |TAMS 0x0000000703c00000, 0x0000000703c00000| Untracked 
|  24|0x0000000703e00000, 0x0000000703e00000, 0x0000000704000000|  0%| F|  |TAMS 0x0000000703e00000, 0x0000000703e00000| Untracked 
|  25|0x0000000704000000, 0x0000000704000000, 0x0000000704200000|  0%| F|  |TAMS 0x0000000704000000, 0x0000000704000000| Untracked 
|  26|0x0000000704200000, 0x0000000704200000, 0x0000000704400000|  0%| F|  |TAMS 0x0000000704200000, 0x0000000704200000| Untracked 
|  27|0x0000000704400000, 0x0000000704400000, 0x0000000704600000|  0%| F|  |TAMS 0x0000000704400000, 0x0000000704400000| Untracked 
|  28|0x0000000704600000, 0x0000000704600000, 0x0000000704800000|  0%| F|  |TAMS 0x0000000704600000, 0x0000000704600000| Untracked 
|  29|0x0000000704800000, 0x0000000704800000, 0x0000000704a00000|  0%| F|  |TAMS 0x0000000704800000, 0x0000000704800000| Untracked 
|  30|0x0000000704a00000, 0x0000000704a00000, 0x0000000704c00000|  0%| F|  |TAMS 0x0000000704a00000, 0x0000000704a00000| Untracked 
|  31|0x0000000704c00000, 0x0000000704c00000, 0x0000000704e00000|  0%| F|  |TAMS 0x0000000704c00000, 0x0000000704c00000| Untracked 
|  32|0x0000000704e00000, 0x0000000704e00000, 0x0000000705000000|  0%| F|  |TAMS 0x0000000704e00000, 0x0000000704e00000| Untracked 
|  33|0x0000000705000000, 0x0000000705000000, 0x0000000705200000|  0%| F|  |TAMS 0x0000000705000000, 0x0000000705000000| Untracked 
|  34|0x0000000705200000, 0x0000000705200000, 0x0000000705400000|  0%| F|  |TAMS 0x0000000705200000, 0x0000000705200000| Untracked 
|  35|0x0000000705400000, 0x0000000705400000, 0x0000000705600000|  0%| F|  |TAMS 0x0000000705400000, 0x0000000705400000| Untracked 
|  36|0x0000000705600000, 0x0000000705600000, 0x0000000705800000|  0%| F|  |TAMS 0x0000000705600000, 0x0000000705600000| Untracked 
|  37|0x0000000705800000, 0x0000000705800000, 0x0000000705a00000|  0%| F|  |TAMS 0x0000000705800000, 0x0000000705800000| Untracked 
|  38|0x0000000705a00000, 0x0000000705a00000, 0x0000000705c00000|  0%| F|  |TAMS 0x0000000705a00000, 0x0000000705a00000| Untracked 
|  39|0x0000000705c00000, 0x0000000705c00000, 0x0000000705e00000|  0%| F|  |TAMS 0x0000000705c00000, 0x0000000705c00000| Untracked 
|  40|0x0000000705e00000, 0x0000000705e00000, 0x0000000706000000|  0%| F|  |TAMS 0x0000000705e00000, 0x0000000705e00000| Untracked 
|  41|0x0000000706000000, 0x0000000706000000, 0x0000000706200000|  0%| F|  |TAMS 0x0000000706000000, 0x0000000706000000| Untracked 
|  42|0x0000000706200000, 0x0000000706200000, 0x0000000706400000|  0%| F|  |TAMS 0x0000000706200000, 0x0000000706200000| Untracked 
|  43|0x0000000706400000, 0x0000000706400000, 0x0000000706600000|  0%| F|  |TAMS 0x0000000706400000, 0x0000000706400000| Untracked 
|  44|0x0000000706600000, 0x0000000706600000, 0x0000000706800000|  0%| F|  |TAMS 0x0000000706600000, 0x0000000706600000| Untracked 
|  45|0x0000000706800000, 0x0000000706800000, 0x0000000706a00000|  0%| F|  |TAMS 0x0000000706800000, 0x0000000706800000| Untracked 
|  46|0x0000000706a00000, 0x0000000706a00000, 0x0000000706c00000|  0%| F|  |TAMS 0x0000000706a00000, 0x0000000706a00000| Untracked 
|  47|0x0000000706c00000, 0x0000000706c00000, 0x0000000706e00000|  0%| F|  |TAMS 0x0000000706c00000, 0x0000000706c00000| Untracked 
|  48|0x0000000706e00000, 0x0000000706e00000, 0x0000000707000000|  0%| F|  |TAMS 0x0000000706e00000, 0x0000000706e00000| Untracked 
|  49|0x0000000707000000, 0x0000000707000000, 0x0000000707200000|  0%| F|  |TAMS 0x0000000707000000, 0x0000000707000000| Untracked 
|  50|0x0000000707200000, 0x0000000707200000, 0x0000000707400000|  0%| F|  |TAMS 0x0000000707200000, 0x0000000707200000| Untracked 
|  51|0x0000000707400000, 0x0000000707400000, 0x0000000707600000|  0%| F|  |TAMS 0x0000000707400000, 0x0000000707400000| Untracked 
|  52|0x0000000707600000, 0x0000000707600000, 0x0000000707800000|  0%| F|  |TAMS 0x0000000707600000, 0x0000000707600000| Untracked 
|  53|0x0000000707800000, 0x0000000707800000, 0x0000000707a00000|  0%| F|  |TAMS 0x0000000707800000, 0x0000000707800000| Untracked 
|  54|0x0000000707a00000, 0x0000000707a00000, 0x0000000707c00000|  0%| F|  |TAMS 0x0000000707a00000, 0x0000000707a00000| Untracked 
|  55|0x0000000707c00000, 0x0000000707c00000, 0x0000000707e00000|  0%| F|  |TAMS 0x0000000707c00000, 0x0000000707c00000| Untracked 
|  56|0x0000000707e00000, 0x0000000707e00000, 0x0000000708000000|  0%| F|  |TAMS 0x0000000707e00000, 0x0000000707e00000| Untracked 
|  57|0x0000000708000000, 0x0000000708000000, 0x0000000708200000|  0%| F|  |TAMS 0x0000000708000000, 0x0000000708000000| Untracked 
|  58|0x0000000708200000, 0x0000000708200000, 0x0000000708400000|  0%| F|  |TAMS 0x0000000708200000, 0x0000000708200000| Untracked 
|  59|0x0000000708400000, 0x0000000708400000, 0x0000000708600000|  0%| F|  |TAMS 0x0000000708400000, 0x0000000708400000| Untracked 
|  60|0x0000000708600000, 0x0000000708600000, 0x0000000708800000|  0%| F|  |TAMS 0x0000000708600000, 0x0000000708600000| Untracked 
|  61|0x0000000708800000, 0x0000000708800000, 0x0000000708a00000|  0%| F|  |TAMS 0x0000000708800000, 0x0000000708800000| Untracked 
|  62|0x0000000708a00000, 0x0000000708a00000, 0x0000000708c00000|  0%| F|  |TAMS 0x0000000708a00000, 0x0000000708a00000| Untracked 
|  63|0x0000000708c00000, 0x0000000708c00000, 0x0000000708e00000|  0%| F|  |TAMS 0x0000000708c00000, 0x0000000708c00000| Untracked 
|  64|0x0000000708e00000, 0x0000000708e00000, 0x0000000709000000|  0%| F|  |TAMS 0x0000000708e00000, 0x0000000708e00000| Untracked 
|  65|0x0000000709000000, 0x0000000709000000, 0x0000000709200000|  0%| F|  |TAMS 0x0000000709000000, 0x0000000709000000| Untracked 
|  66|0x0000000709200000, 0x0000000709200000, 0x0000000709400000|  0%| F|  |TAMS 0x0000000709200000, 0x0000000709200000| Untracked 
|  67|0x0000000709400000, 0x0000000709400000, 0x0000000709600000|  0%| F|  |TAMS 0x0000000709400000, 0x0000000709400000| Untracked 
|  68|0x0000000709600000, 0x0000000709600000, 0x0000000709800000|  0%| F|  |TAMS 0x0000000709600000, 0x0000000709600000| Untracked 
|  69|0x0000000709800000, 0x0000000709800000, 0x0000000709a00000|  0%| F|  |TAMS 0x0000000709800000, 0x0000000709800000| Untracked 
|  70|0x0000000709a00000, 0x0000000709a00000, 0x0000000709c00000|  0%| F|  |TAMS 0x0000000709a00000, 0x0000000709a00000| Untracked 
|  71|0x0000000709c00000, 0x0000000709c00000, 0x0000000709e00000|  0%| F|  |TAMS 0x0000000709c00000, 0x0000000709c00000| Untracked 
|  72|0x0000000709e00000, 0x0000000709e00000, 0x000000070a000000|  0%| F|  |TAMS 0x0000000709e00000, 0x0000000709e00000| Untracked 
|  73|0x000000070a000000, 0x000000070a000000, 0x000000070a200000|  0%| F|  |TAMS 0x000000070a000000, 0x000000070a000000| Untracked 
|  74|0x000000070a200000, 0x000000070a200000, 0x000000070a400000|  0%| F|  |TAMS 0x000000070a200000, 0x000000070a200000| Untracked 
|  75|0x000000070a400000, 0x000000070a400000, 0x000000070a600000|  0%| F|  |TAMS 0x000000070a400000, 0x000000070a400000| Untracked 
|  76|0x000000070a600000, 0x000000070a600000, 0x000000070a800000|  0%| F|  |TAMS 0x000000070a600000, 0x000000070a600000| Untracked 
|  77|0x000000070a800000, 0x000000070a800000, 0x000000070aa00000|  0%| F|  |TAMS 0x000000070a800000, 0x000000070a800000| Untracked 
|  78|0x000000070aa00000, 0x000000070aa00000, 0x000000070ac00000|  0%| F|  |TAMS 0x000000070aa00000, 0x000000070aa00000| Untracked 
|  79|0x000000070ac00000, 0x000000070ac00000, 0x000000070ae00000|  0%| F|  |TAMS 0x000000070ac00000, 0x000000070ac00000| Untracked 
|  80|0x000000070ae00000, 0x000000070ae00000, 0x000000070b000000|  0%| F|  |TAMS 0x000000070ae00000, 0x000000070ae00000| Untracked 
|  81|0x000000070b000000, 0x000000070b000000, 0x000000070b200000|  0%| F|  |TAMS 0x000000070b000000, 0x000000070b000000| Untracked 
|  82|0x000000070b200000, 0x000000070b200000, 0x000000070b400000|  0%| F|  |TAMS 0x000000070b200000, 0x000000070b200000| Untracked 
|  83|0x000000070b400000, 0x000000070b400000, 0x000000070b600000|  0%| F|  |TAMS 0x000000070b400000, 0x000000070b400000| Untracked 
|  84|0x000000070b600000, 0x000000070b600000, 0x000000070b800000|  0%| F|  |TAMS 0x000000070b600000, 0x000000070b600000| Untracked 
|  85|0x000000070b800000, 0x000000070b800000, 0x000000070ba00000|  0%| F|  |TAMS 0x000000070b800000, 0x000000070b800000| Untracked 
|  86|0x000000070ba00000, 0x000000070ba00000, 0x000000070bc00000|  0%| F|  |TAMS 0x000000070ba00000, 0x000000070ba00000| Untracked 
|  87|0x000000070bc00000, 0x000000070bc00000, 0x000000070be00000|  0%| F|  |TAMS 0x000000070bc00000, 0x000000070bc00000| Untracked 
|  88|0x000000070be00000, 0x000000070be00000, 0x000000070c000000|  0%| F|  |TAMS 0x000000070be00000, 0x000000070be00000| Untracked 
|  89|0x000000070c000000, 0x000000070c000000, 0x000000070c200000|  0%| F|  |TAMS 0x000000070c000000, 0x000000070c000000| Untracked 
|  90|0x000000070c200000, 0x000000070c200000, 0x000000070c400000|  0%| F|  |TAMS 0x000000070c200000, 0x000000070c200000| Untracked 
|  91|0x000000070c400000, 0x000000070c400000, 0x000000070c600000|  0%| F|  |TAMS 0x000000070c400000, 0x000000070c400000| Untracked 
|  92|0x000000070c600000, 0x000000070c600000, 0x000000070c800000|  0%| F|  |TAMS 0x000000070c600000, 0x000000070c600000| Untracked 
|  93|0x000000070c800000, 0x000000070c800000, 0x000000070ca00000|  0%| F|  |TAMS 0x000000070c800000, 0x000000070c800000| Untracked 
|  94|0x000000070ca00000, 0x000000070ca00000, 0x000000070cc00000|  0%| F|  |TAMS 0x000000070ca00000, 0x000000070ca00000| Untracked 
|  95|0x000000070cc00000, 0x000000070cc00000, 0x000000070ce00000|  0%| F|  |TAMS 0x000000070cc00000, 0x000000070cc00000| Untracked 
|  96|0x000000070ce00000, 0x000000070ce00000, 0x000000070d000000|  0%| F|  |TAMS 0x000000070ce00000, 0x000000070ce00000| Untracked 
|  97|0x000000070d000000, 0x000000070d000000, 0x000000070d200000|  0%| F|  |TAMS 0x000000070d000000, 0x000000070d000000| Untracked 
|  98|0x000000070d200000, 0x000000070d200000, 0x000000070d400000|  0%| F|  |TAMS 0x000000070d200000, 0x000000070d200000| Untracked 
|  99|0x000000070d400000, 0x000000070d400000, 0x000000070d600000|  0%| F|  |TAMS 0x000000070d400000, 0x000000070d400000| Untracked 
| 100|0x000000070d600000, 0x000000070d600000, 0x000000070d800000|  0%| F|  |TAMS 0x000000070d600000, 0x000000070d600000| Untracked 
| 101|0x000000070d800000, 0x000000070d800000, 0x000000070da00000|  0%| F|  |TAMS 0x000000070d800000, 0x000000070d800000| Untracked 
| 102|0x000000070da00000, 0x000000070da00000, 0x000000070dc00000|  0%| F|  |TAMS 0x000000070da00000, 0x000000070da00000| Untracked 
| 103|0x000000070dc00000, 0x000000070dc00000, 0x000000070de00000|  0%| F|  |TAMS 0x000000070dc00000, 0x000000070dc00000| Untracked 
| 104|0x000000070de00000, 0x000000070de00000, 0x000000070e000000|  0%| F|  |TAMS 0x000000070de00000, 0x000000070de00000| Untracked 
| 105|0x000000070e000000, 0x000000070e000000, 0x000000070e200000|  0%| F|  |TAMS 0x000000070e000000, 0x000000070e000000| Untracked 
| 106|0x000000070e200000, 0x000000070e200000, 0x000000070e400000|  0%| F|  |TAMS 0x000000070e200000, 0x000000070e200000| Untracked 
| 107|0x000000070e400000, 0x000000070e400000, 0x000000070e600000|  0%| F|  |TAMS 0x000000070e400000, 0x000000070e400000| Untracked 
| 108|0x000000070e600000, 0x000000070e600000, 0x000000070e800000|  0%| F|  |TAMS 0x000000070e600000, 0x000000070e600000| Untracked 
| 109|0x000000070e800000, 0x000000070e800000, 0x000000070ea00000|  0%| F|  |TAMS 0x000000070e800000, 0x000000070e800000| Untracked 
| 110|0x000000070ea00000, 0x000000070ea00000, 0x000000070ec00000|  0%| F|  |TAMS 0x000000070ea00000, 0x000000070ea00000| Untracked 
| 111|0x000000070ec00000, 0x000000070ec00000, 0x000000070ee00000|  0%| F|  |TAMS 0x000000070ec00000, 0x000000070ec00000| Untracked 
| 112|0x000000070ee00000, 0x000000070ee00000, 0x000000070f000000|  0%| F|  |TAMS 0x000000070ee00000, 0x000000070ee00000| Untracked 
| 113|0x000000070f000000, 0x000000070f1da098, 0x000000070f200000| 92%| S|CS|TAMS 0x000000070f000000, 0x000000070f000000| Complete 
| 114|0x000000070f200000, 0x000000070f200000, 0x000000070f400000|  0%| F|  |TAMS 0x000000070f200000, 0x000000070f200000| Untracked 
| 115|0x000000070f400000, 0x000000070f400000, 0x000000070f600000|  0%| F|  |TAMS 0x000000070f400000, 0x000000070f400000| Untracked 
| 116|0x000000070f600000, 0x000000070f600000, 0x000000070f800000|  0%| F|  |TAMS 0x000000070f600000, 0x000000070f600000| Untracked 
| 117|0x000000070f800000, 0x000000070f800000, 0x000000070fa00000|  0%| F|  |TAMS 0x000000070f800000, 0x000000070f800000| Untracked 
| 118|0x000000070fa00000, 0x000000070fa00000, 0x000000070fc00000|  0%| F|  |TAMS 0x000000070fa00000, 0x000000070fa00000| Untracked 
| 119|0x000000070fc00000, 0x000000070fc00000, 0x000000070fe00000|  0%| F|  |TAMS 0x000000070fc00000, 0x000000070fc00000| Untracked 
| 120|0x000000070fe00000, 0x000000070fe00000, 0x0000000710000000|  0%| F|  |TAMS 0x000000070fe00000, 0x000000070fe00000| Untracked 
| 121|0x0000000710000000, 0x0000000710000000, 0x0000000710200000|  0%| F|  |TAMS 0x0000000710000000, 0x0000000710000000| Untracked 
| 122|0x0000000710200000, 0x0000000710200000, 0x0000000710400000|  0%| F|  |TAMS 0x0000000710200000, 0x0000000710200000| Untracked 
| 123|0x0000000710400000, 0x0000000710400000, 0x0000000710600000|  0%| F|  |TAMS 0x0000000710400000, 0x0000000710400000| Untracked 
| 124|0x0000000710600000, 0x0000000710600000, 0x0000000710800000|  0%| F|  |TAMS 0x0000000710600000, 0x0000000710600000| Untracked 
| 125|0x0000000710800000, 0x000000071095b320, 0x0000000710a00000| 67%| E|  |TAMS 0x0000000710800000, 0x0000000710800000| Complete 
| 126|0x0000000710a00000, 0x0000000710c00000, 0x0000000710c00000|100%| E|CS|TAMS 0x0000000710a00000, 0x0000000710a00000| Complete 
| 127|0x0000000710c00000, 0x0000000710e00000, 0x0000000710e00000|100%| E|CS|TAMS 0x0000000710c00000, 0x0000000710c00000| Complete 

Card table byte_map: [0x0000025c215f0000,0x0000025c21df0000] _byte_map_base: 0x0000025c1dde9000

Marking Bits (Prev, Next): (CMBitMap*) 0x0000025c099e8180, (CMBitMap*) 0x0000025c099e81c0
 Prev Bits: [0x0000025c225f0000, 0x0000025c265b8000)
 Next Bits: [0x0000025c265c0000, 0x0000025c2a588000)

Polling page: 0x0000025c078e0000

Metaspace:

Usage:
  Non-class:     12.12 MB used.
      Class:      1.57 MB used.
       Both:     13.69 MB used.

Virtual space:
  Non-class space:       64.00 MB reserved,      12.25 MB ( 19%) committed,  1 nodes.
      Class space:        1.00 GB reserved,       1.69 MB ( <1%) committed,  1 nodes.
             Both:        1.06 GB reserved,      13.94 MB (  1%) committed. 

Chunk freelists:
   Non-Class:  3.67 MB
       Class:  2.25 MB
        Both:  5.92 MB

MaxMetaspaceSize: unlimited
CompressedClassSpaceSize: 1.00 GB
Initial GC threshold: 21.00 MB
Current GC threshold: 21.00 MB
CDS: on
MetaspaceReclaimPolicy: balanced
 - commit_granule_bytes: 65536.
 - commit_granule_words: 8192.
 - virtual_space_node_default_size: 8388608.
 - enlarge_chunks_in_place: 1.
 - new_chunks_are_fully_committed: 0.
 - uncommit_free_chunks: 1.
 - use_allocation_guard: 0.


Internal statistics:

num_allocs_failed_limit: 0.
num_arena_births: 222.
num_arena_deaths: 0.
num_vsnodes_births: 2.
num_vsnodes_deaths: 0.
num_space_committed: 223.
num_space_uncommitted: 0.
num_chunks_returned_to_freelist: 0.
num_chunks_taken_from_freelist: 650.
num_chunk_merges: 0.
num_chunk_splits: 447.
num_chunks_enlarged: 354.
num_inconsistent_stats: 0.

CodeHeap 'non-profiled nmethods': size=120000Kb used=613Kb max_used=613Kb free=119386Kb
 bounds [0x0000025c19370000, 0x0000025c195e0000, 0x0000025c208a0000]
CodeHeap 'profiled nmethods': size=120000Kb used=3098Kb max_used=3098Kb free=116901Kb
 bounds [0x0000025c118a0000, 0x0000025c11bb0000, 0x0000025c18dd0000]
CodeHeap 'non-nmethods': size=5760Kb used=1618Kb max_used=1618Kb free=4141Kb
 bounds [0x0000025c18dd0000, 0x0000025c19040000, 0x0000025c19370000]
 total_blobs=2294 nmethods=1706 adapters=498
 compilation: enabled
              stopped_count=0, restarted_count=0
 full_count=0

Compilation events (20 events):
Event: 1.087 Thread 0x0000025c3297a050 1655       4       java.lang.StringUTF16::compress (20 bytes)
Event: 1.087 Thread 0x0000025c31b74730 1700       3       java.lang.invoke.MethodHandles$Lookup$ClassFile::readUnsignedShort (39 bytes)
Event: 1.088 Thread 0x0000025c31b74730 nmethod 1700 0x0000025c11ba1d90 code [0x0000025c11ba1f40, 0x0000025c11ba2148]
Event: 1.088 Thread 0x0000025c3297a050 nmethod 1655 0x0000025c19408a90 code [0x0000025c19408c20, 0x0000025c19408e98]
Event: 1.088 Thread 0x0000025c3297a050 1672       4       java.util.concurrent.locks.AbstractQueuedSynchronizer::release (19 bytes)
Event: 1.088 Thread 0x0000025c31b74730 1701       3       java.util.Arrays::equals (43 bytes)
Event: 1.089 Thread 0x0000025c31b74730 nmethod 1701 0x0000025c11ba2290 code [0x0000025c11ba2460, 0x0000025c11ba2748]
Event: 1.090 Thread 0x0000025c3297a050 nmethod 1672 0x0000025c19408f90 code [0x0000025c19409140, 0x0000025c19409358]
Event: 1.095 Thread 0x0000025c31b74730 1702       3       java.lang.Byte::toUnsignedInt (6 bytes)
Event: 1.096 Thread 0x0000025c31b74730 nmethod 1702 0x0000025c11ba2810 code [0x0000025c11ba29a0, 0x0000025c11ba2a98]
Event: 1.096 Thread 0x0000025c31b74730 1703       3       java.util.zip.ZipUtils::get32S (17 bytes)
Event: 1.096 Thread 0x0000025c31b74730 nmethod 1703 0x0000025c11ba2b10 code [0x0000025c11ba2cc0, 0x0000025c11ba2f18]
Event: 1.099 Thread 0x0000025c31b74730 1704       3       java.util.zip.ZipEntry::setExtra0 (493 bytes)
Event: 1.100 Thread 0x0000025c31b74730 nmethod 1704 0x0000025c11ba3090 code [0x0000025c11ba3440, 0x0000025c11ba5138]
Event: 1.101 Thread 0x0000025c31b74730 1705       3       java.lang.invoke.LambdaForm::editor (5 bytes)
Event: 1.101 Thread 0x0000025c31b74730 nmethod 1705 0x0000025c11ba5a90 code [0x0000025c11ba5c60, 0x0000025c11ba5f88]
Event: 1.101 Thread 0x0000025c31b74730 1706       3       java.lang.invoke.LambdaFormEditor::lambdaFormEditor (12 bytes)
Event: 1.101 Thread 0x0000025c31b74730 nmethod 1706 0x0000025c11ba6110 code [0x0000025c11ba62e0, 0x0000025c11ba65a8]
Event: 1.102 Thread 0x0000025c31b74730 1707       3       java.util.jar.JarFile$JarFileEntry::getRealName (5 bytes)
Event: 1.102 Thread 0x0000025c31b74730 nmethod 1707 0x0000025c11ba6710 code [0x0000025c11ba68a0, 0x0000025c11ba69b8]

GC Heap History (4 events):
Event: 0.542 GC heap before
{Heap before GC invocations=0 (full 0):
 garbage-first heap   total 262144K, used 20480K [0x0000000700e00000, 0x0000000800000000)
  region size 2048K, 11 young (22528K), 0 survivors (0K)
 Metaspace       used 5791K, committed 6080K, reserved 1114112K
  class space    used 626K, committed 768K, reserved 1048576K
}
Event: 0.546 GC heap after
{Heap after GC invocations=1 (full 0):
 garbage-first heap   total 262144K, used 7456K [0x0000000700e00000, 0x0000000800000000)
  region size 2048K, 2 young (4096K), 2 survivors (4096K)
 Metaspace       used 5791K, committed 6080K, reserved 1114112K
  class space    used 626K, committed 768K, reserved 1048576K
}
Event: 1.060 GC heap before
{Heap before GC invocations=1 (full 0):
 garbage-first heap   total 262144K, used 32032K [0x0000000700e00000, 0x0000000800000000)
  region size 2048K, 14 young (28672K), 2 survivors (4096K)
 Metaspace       used 12863K, committed 13184K, reserved 1114112K
  class space    used 1491K, committed 1664K, reserved 1048576K
}
Event: 1.064 GC heap after
{Heap after GC invocations=2 (full 0):
 garbage-first heap   total 262144K, used 9556K [0x0000000700e00000, 0x0000000800000000)
  region size 2048K, 1 young (2048K), 1 survivors (2048K)
 Metaspace       used 12863K, committed 13184K, reserved 1114112K
  class space    used 1491K, committed 1664K, reserved 1048576K
}

Dll operation events (13 events):
Event: 0.007 Loaded shared library C:\Program Files\Java\jdk-19\bin\java.dll
Event: 0.016 Loaded shared library C:\Program Files\Java\jdk-19\bin\jsvml.dll
Event: 0.100 Loaded shared library C:\Program Files\Java\jdk-19\bin\zip.dll
Event: 0.102 Loaded shared library C:\Program Files\Java\jdk-19\bin\instrument.dll
Event: 0.108 Loaded shared library C:\Program Files\Java\jdk-19\bin\net.dll
Event: 0.109 Loaded shared library C:\Program Files\Java\jdk-19\bin\nio.dll
Event: 0.111 Loaded shared library C:\Program Files\Java\jdk-19\bin\zip.dll
Event: 0.181 Loaded shared library C:\Program Files\JetBrains\IntelliJ IDEA Community Edition 2022.3.2\bin\breakgen64.dll
Event: 0.190 Loaded shared library C:\Program Files\Java\jdk-19\bin\extnet.dll
Event: 0.212 Loaded shared library C:\Program Files\Java\jdk-19\bin\verify.dll
Event: 0.216 Loaded shared library C:\Program Files\Java\jdk-19\bin\jimage.dll
Event: 0.726 Loaded shared library C:\Program Files\Java\jdk-19\bin\management.dll
Event: 0.728 Loaded shared library C:\Program Files\Java\jdk-19\bin\management_ext.dll

Deoptimization events (20 events):
Event: 1.051 Thread 0x0000025c32af84a0 Uncommon trap: trap_request=0xffffffde fr.pc=0x0000025c194017c8 relative=0x0000000000000128
Event: 1.051 Thread 0x0000025c32af84a0 Uncommon trap: reason=class_check action=maybe_recompile pc=0x0000025c194017c8 method=jdk.internal.misc.Unsafe.allocateUninitializedArray(Ljava/lang/Class;I)Ljava/lang/Object; @ 51 c2
Event: 1.051 Thread 0x0000025c32af84a0 DEOPT PACKING pc=0x0000025c194017c8 sp=0x00000090000fdbb0
Event: 1.051 Thread 0x0000025c32af84a0 DEOPT UNPACKING pc=0x0000025c18e36da3 sp=0x00000090000fdb38 mode 2
Event: 1.074 Thread 0x0000025c099763b0 Uncommon trap: trap_request=0xffffffde fr.pc=0x0000025c193f7238 relative=0x00000000000002f8
Event: 1.074 Thread 0x0000025c099763b0 Uncommon trap: reason=class_check action=maybe_recompile pc=0x0000025c193f7238 method=java.util.HashMap.getNode(Ljava/lang/Object;)Ljava/util/HashMap$Node; @ 128 c2
Event: 1.074 Thread 0x0000025c099763b0 DEOPT PACKING pc=0x0000025c193f7238 sp=0x000000907eefdc30
Event: 1.074 Thread 0x0000025c099763b0 DEOPT UNPACKING pc=0x0000025c18e36da3 sp=0x000000907eefdb98 mode 2
Event: 1.074 Thread 0x0000025c099763b0 Uncommon trap: trap_request=0xffffffde fr.pc=0x0000025c193f7238 relative=0x00000000000002f8
Event: 1.074 Thread 0x0000025c099763b0 Uncommon trap: reason=class_check action=maybe_recompile pc=0x0000025c193f7238 method=java.util.HashMap.getNode(Ljava/lang/Object;)Ljava/util/HashMap$Node; @ 128 c2
Event: 1.074 Thread 0x0000025c099763b0 DEOPT PACKING pc=0x0000025c193f7238 sp=0x000000907eefdc30
Event: 1.074 Thread 0x0000025c099763b0 DEOPT UNPACKING pc=0x0000025c18e36da3 sp=0x000000907eefdb98 mode 2
Event: 1.074 Thread 0x0000025c099763b0 Uncommon trap: trap_request=0xffffffde fr.pc=0x0000025c193f7238 relative=0x00000000000002f8
Event: 1.074 Thread 0x0000025c099763b0 Uncommon trap: reason=class_check action=maybe_recompile pc=0x0000025c193f7238 method=java.util.HashMap.getNode(Ljava/lang/Object;)Ljava/util/HashMap$Node; @ 128 c2
Event: 1.074 Thread 0x0000025c099763b0 DEOPT PACKING pc=0x0000025c193f7238 sp=0x000000907eefdc30
Event: 1.074 Thread 0x0000025c099763b0 DEOPT UNPACKING pc=0x0000025c18e36da3 sp=0x000000907eefdb98 mode 2
Event: 1.075 Thread 0x0000025c099763b0 Uncommon trap: trap_request=0xffffffde fr.pc=0x0000025c193f7238 relative=0x00000000000002f8
Event: 1.075 Thread 0x0000025c099763b0 Uncommon trap: reason=class_check action=maybe_recompile pc=0x0000025c193f7238 method=java.util.HashMap.getNode(Ljava/lang/Object;)Ljava/util/HashMap$Node; @ 128 c2
Event: 1.075 Thread 0x0000025c099763b0 DEOPT PACKING pc=0x0000025c193f7238 sp=0x000000907eefdc30
Event: 1.075 Thread 0x0000025c099763b0 DEOPT UNPACKING pc=0x0000025c18e36da3 sp=0x000000907eefdb98 mode 2

Classes loaded (20 events):
Event: 1.044 Loading class java/io/DataOutputStream
Event: 1.044 Loading class java/io/DataOutputStream done
Event: 1.044 Loading class java/net/ServerSocket
Event: 1.045 Loading class java/net/ServerSocket done
Event: 1.045 Loading class java/util/stream/DoubleStream
Event: 1.045 Loading class java/util/stream/DoubleStream done
Event: 1.045 Loading class java/util/stream/LongStream
Event: 1.045 Loading class java/util/stream/LongStream done
Event: 1.045 Loading class java/util/OptionalDouble
Event: 1.045 Loading class java/util/OptionalDouble done
Event: 1.045 Loading class java/util/OptionalLong
Event: 1.045 Loading class java/util/OptionalLong done
Event: 1.081 Loading class java/util/LinkedList$Node
Event: 1.081 Loading class java/util/LinkedList$Node done
Event: 1.082 Loading class java/util/LinkedList$ListItr
Event: 1.082 Loading class java/util/LinkedList$ListItr done
Event: 1.088 Loading class java/util/stream/Nodes$SpinedNodeBuilder
Event: 1.089 Loading class java/util/stream/Nodes$SpinedNodeBuilder done
Event: 1.090 Loading class java/math/MathContext
Event: 1.090 Loading class java/math/MathContext done

Classes unloaded (0 events):
No events

Classes redefined (0 events):
No events

Internal exceptions (20 events):
Event: 0.676 Thread 0x0000025c099763b0 Exception <a 'java/lang/NoSuchMethodError'{0x00000007106b2f20}: 'void java.lang.invoke.DirectMethodHandle$Holder.invokeSpecial(java.lang.Object, java.lang.Object, java.lang.Object, java.lang.Object, java.lang.Object, java.lang.Object)'> (0x00000007106b2f20) 
thrown [s\open\src\hotspot\share\interpreter\linkResolver.cpp, line 774]
Event: 0.682 Thread 0x0000025c099763b0 Exception <a 'java/lang/NoSuchMethodError'{0x00000007106f1628}: 'java.lang.Object java.lang.invoke.DirectMethodHandle$Holder.invokeInterface(java.lang.Object, java.lang.Object)'> (0x00000007106f1628) 
thrown [s\open\src\hotspot\share\interpreter\linkResolver.cpp, line 774]
Event: 0.691 Thread 0x0000025c099763b0 Exception <a 'java/lang/NoSuchMethodError'{0x0000000710730f68}: 'java.lang.Object java.lang.invoke.DirectMethodHandle$Holder.invokeSpecial(java.lang.Object, java.lang.Object, java.lang.Object, int, java.lang.Object)'> (0x0000000710730f68) 
thrown [s\open\src\hotspot\share\interpreter\linkResolver.cpp, line 774]
Event: 0.692 Thread 0x0000025c099763b0 Exception <a 'java/lang/NoSuchMethodError'{0x00000007107395d8}: 'java.lang.Object java.lang.invoke.DirectMethodHandle$Holder.newInvokeSpecial(java.lang.Object, java.lang.Object, java.lang.Object, int, java.lang.Object)'> (0x00000007107395d8) 
thrown [s\open\src\hotspot\share\interpreter\linkResolver.cpp, line 774]
Event: 0.692 Thread 0x0000025c099763b0 Exception <a 'java/lang/NoSuchMethodError'{0x0000000710740fc8}: 'java.lang.Object java.lang.invoke.Invokers$Holder.linkToTargetMethod(java.lang.Object, java.lang.Object, int, java.lang.Object, java.lang.Object)'> (0x0000000710740fc8) 
thrown [s\open\src\hotspot\share\interpreter\linkResolver.cpp, line 774]
Event: 0.694 Thread 0x0000025c099763b0 Exception <a 'java/lang/NoSuchMethodError'{0x000000071074f888}: 'java.lang.Object java.lang.invoke.DirectMethodHandle$Holder.newInvokeSpecial(java.lang.Object, int, java.lang.Object)'> (0x000000071074f888) 
thrown [s\open\src\hotspot\share\interpreter\linkResolver.cpp, line 774]
Event: 0.694 Thread 0x0000025c099763b0 Exception <a 'java/lang/NoSuchMethodError'{0x0000000710754560}: 'int java.lang.invoke.DirectMethodHandle$Holder.invokeSpecialIFC(java.lang.Object, java.lang.Object, java.lang.Object, java.lang.Object)'> (0x0000000710754560) 
thrown [s\open\src\hotspot\share\interpreter\linkResolver.cpp, line 774]
Event: 0.710 Thread 0x0000025c099763b0 Exception <a 'java/lang/NoSuchMethodError'{0x0000000710405478}: 'void java.lang.invoke.DirectMethodHandle$Holder.invokeInterface(java.lang.Object, java.lang.Object, java.lang.Object)'> (0x0000000710405478) 
thrown [s\open\src\hotspot\share\interpreter\linkResolver.cpp, line 774]
Event: 0.722 Thread 0x0000025c099763b0 Exception <a 'java/lang/NoSuchMethodError'{0x0000000710468600}: 'void java.lang.invoke.DirectMethodHandle$Holder.invokeStaticInit(java.lang.Object, java.lang.Object)'> (0x0000000710468600) 
thrown [s\open\src\hotspot\share\interpreter\linkResolver.cpp, line 774]
Event: 0.723 Thread 0x0000025c099763b0 Exception <a 'java/lang/NoSuchMethodError'{0x0000000710473ef0}: 'void java.lang.invoke.DirectMethodHandle$Holder.invokeStaticInit(java.lang.Object, java.lang.Object, java.lang.Object)'> (0x0000000710473ef0) 
thrown [s\open\src\hotspot\share\interpreter\linkResolver.cpp, line 774]
Event: 0.885 Thread 0x0000025c099763b0 Exception <a 'java/lang/NoSuchMethodError'{0x00000007105126b8}: 'void java.lang.invoke.DirectMethodHandle$Holder.invokeVirtual(java.lang.Object, java.lang.Object, java.lang.Object, java.lang.Object)'> (0x00000007105126b8) 
thrown [s\open\src\hotspot\share\interpreter\linkResolver.cpp, line 774]
Event: 0.915 Thread 0x0000025c099763b0 Exception <a 'java/lang/NoSuchMethodError'{0x00000007102239a8}: 'void java.lang.invoke.DirectMethodHandle$Holder.invokeSpecial(java.lang.Object, java.lang.Object, java.lang.Object)'> (0x00000007102239a8) 
thrown [s\open\src\hotspot\share\interpreter\linkResolver.cpp, line 774]
Event: 0.921 Thread 0x0000025c32af84a0 Exception <a 'java/lang/NoClassDefFoundError'{0x000000071026d800}: javax/validation/Validation> (0x000000071026d800) 
thrown [s\open\src\hotspot\share\classfile\systemDictionary.cpp, line 244]
Event: 0.951 Thread 0x0000025c32af84a0 Exception <a 'java/lang/NoSuchMethodError'{0x0000000710051d68}: 'java.lang.Object java.lang.invoke.DirectMethodHandle$Holder.invokeStaticInit(java.lang.Object, java.lang.Object, java.lang.Object)'> (0x0000000710051d68) 
thrown [s\open\src\hotspot\share\interpreter\linkResolver.cpp, line 774]
Event: 0.952 Thread 0x0000025c32af84a0 Exception <a 'java/lang/NoSuchMethodError'{0x0000000710057c98}: 'java.lang.Object java.lang.invoke.DirectMethodHandle$Holder.invokeStaticInit(java.lang.Object, java.lang.Object, java.lang.Object, java.lang.Object, java.lang.Object)'> (0x0000000710057c98) 
thrown [s\open\src\hotspot\share\interpreter\linkResolver.cpp, line 774]
Event: 1.008 Thread 0x0000025c099763b0 Exception <a 'java/lang/NoSuchMethodError'{0x000000070faac7f0}: 'org.slf4j.impl.StaticMDCBinder org.slf4j.impl.StaticMDCBinder.getSingleton()'> (0x000000070faac7f0) 
thrown [s\open\src\hotspot\share\interpreter\linkResolver.cpp, line 774]
Event: 1.018 Thread 0x0000025c099763b0 Exception <a 'java/lang/NoSuchMethodError'{0x000000070fb86178}: 'int java.lang.invoke.Invokers$Holder.invokeExact_MT(java.lang.Object, java.lang.Object)'> (0x000000070fb86178) 
thrown [s\open\src\hotspot\share\interpreter\linkResolver.cpp, line 774]
Event: 1.077 Thread 0x0000025c099763b0 Exception <a 'java/lang/NoSuchMethodError'{0x0000000710c6a1e0}: 'java.lang.reflect.Method[] java.lang.Class.getDeclaredMethods(java.lang.Class)'> (0x0000000710c6a1e0) 
thrown [s\open\src\hotspot\share\interpreter\linkResolver.cpp, line 774]
Event: 1.077 Thread 0x0000025c099763b0 Exception <a 'java/lang/NoSuchMethodError'{0x0000000710c6e9c0}: 'java.lang.Object java.lang.invoke.DirectMethodHandle$Holder.invokeStatic(java.lang.Object, java.lang.Object, int)'> (0x0000000710c6e9c0) 
thrown [s\open\src\hotspot\share\interpreter\linkResolver.cpp, line 774]
Event: 1.079 Thread 0x0000025c099763b0 Exception <a 'java/lang/NoSuchMethodError'{0x0000000710d6f8d0}: 'void java.lang.invoke.DelegatingMethodHandle$Holder.delegate(java.lang.Object, java.lang.Object, int, java.lang.Object)'> (0x0000000710d6f8d0) 
thrown [s\open\src\hotspot\share\interpreter\linkResolver.cpp, line 774]

VM Operations (20 events):
Event: 0.464 Executing VM operation: HandshakeAllThreads
Event: 0.464 Executing VM operation: HandshakeAllThreads done
Event: 0.521 Executing VM operation: ICBufferFull
Event: 0.522 Executing VM operation: ICBufferFull done
Event: 0.541 Executing VM operation: G1CollectForAllocation
Event: 0.546 Executing VM operation: G1CollectForAllocation done
Event: 0.546 Executing VM operation: HandshakeAllThreads
Event: 0.546 Executing VM operation: HandshakeAllThreads done
Event: 0.908 Executing VM operation: HandshakeAllThreads
Event: 0.908 Executing VM operation: HandshakeAllThreads done
Event: 0.930 Executing VM operation: HandshakeAllThreads
Event: 0.930 Executing VM operation: HandshakeAllThreads done
Event: 0.930 Executing VM operation: HandshakeAllThreads
Event: 0.930 Executing VM operation: HandshakeAllThreads done
Event: 0.990 Executing VM operation: ICBufferFull
Event: 0.990 Executing VM operation: ICBufferFull done
Event: 1.060 Executing VM operation: HandshakeAllThreads
Event: 1.060 Executing VM operation: HandshakeAllThreads done
Event: 1.060 Executing VM operation: G1CollectForAllocation
Event: 1.064 Executing VM operation: G1CollectForAllocation done

Events (17 events):
Event: 0.016 Thread 0x0000025c099763b0 Thread added: 0x0000025c099763b0
Event: 0.025 Thread 0x0000025c2c896e20 Thread added: 0x0000025c2c896e20
Event: 0.025 Thread 0x0000025c2c897cd0 Thread added: 0x0000025c2c897cd0
Event: 0.026 Thread 0x0000025c2c89b7e0 Thread added: 0x0000025c2c89b7e0
Event: 0.026 Thread 0x0000025c2c89e9e0 Thread added: 0x0000025c2c89e9e0
Event: 0.026 Thread 0x0000025c31b54800 Thread added: 0x0000025c31b54800
Event: 0.026 Thread 0x0000025c31b565c0 Thread added: 0x0000025c31b565c0
Event: 0.026 Thread 0x0000025c31b61150 Thread added: 0x0000025c31b61150
Event: 0.026 Thread 0x0000025c31b74730 Thread added: 0x0000025c31b74730
Event: 0.026 Thread 0x0000025c31b74cb0 Thread added: 0x0000025c31b74cb0
Event: 0.085 Thread 0x0000025c31c32360 Thread added: 0x0000025c31c32360
Event: 0.129 Thread 0x0000025c31de3580 Thread added: 0x0000025c31de3580
Event: 0.181 Thread 0x0000025c31fdcae0 Thread added: 0x0000025c31fdcae0
Event: 0.182 Thread 0x0000025c31fdd020 Thread added: 0x0000025c31fdd020
Event: 0.871 Thread 0x0000025c31de3580 Thread exited: 0x0000025c31de3580
Event: 0.918 Thread 0x0000025c32af84a0 Thread added: 0x0000025c32af84a0
Event: 0.925 Thread 0x0000025c3297a050 Thread added: 0x0000025c3297a050


Dynamic libraries:
0x00007ff72b910000 - 0x00007ff72b920000 	C:\Program Files\Java\jdk-19\bin\java.exe
0x00007ffdded30000 - 0x00007ffddef28000 	C:\WINDOWS\SYSTEM32\ntdll.dll
0x00007ffddd050000 - 0x00007ffddd10d000 	C:\WINDOWS\System32\KERNEL32.DLL
0x00007ffddc480000 - 0x00007ffddc776000 	C:\WINDOWS\System32\KERNELBASE.dll
0x00007ffddca30000 - 0x00007ffddcb30000 	C:\WINDOWS\System32\ucrtbase.dll
0x00007ffdd3350000 - 0x00007ffdd3368000 	C:\Program Files\Java\jdk-19\bin\jli.dll
0x00007ffddda80000 - 0x00007ffdddb33000 	C:\WINDOWS\System32\ADVAPI32.dll
0x00007ffddd970000 - 0x00007ffddda0e000 	C:\WINDOWS\System32\msvcrt.dll
0x00007ffddcd80000 - 0x00007ffddce1f000 	C:\WINDOWS\System32\sechost.dll
0x00007ffddd840000 - 0x00007ffddd966000 	C:\WINDOWS\System32\RPCRT4.dll
0x00007ffddc400000 - 0x00007ffddc427000 	C:\WINDOWS\System32\bcrypt.dll
0x00007ffddd590000 - 0x00007ffddd72e000 	C:\WINDOWS\System32\USER32.dll
0x00007ffddcba0000 - 0x00007ffddcbc2000 	C:\WINDOWS\System32\win32u.dll
0x00007ffdde370000 - 0x00007ffdde39c000 	C:\WINDOWS\System32\GDI32.dll
0x00007ffddcbd0000 - 0x00007ffddccea000 	C:\WINDOWS\System32\gdi32full.dll
0x00007ffddc830000 - 0x00007ffddc8cd000 	C:\WINDOWS\System32\msvcp_win.dll
0x00007ffdd1f20000 - 0x00007ffdd1f3b000 	C:\Program Files\Java\jdk-19\bin\VCRUNTIME140.dll
0x00007ffddb710000 - 0x00007ffddb9aa000 	C:\WINDOWS\WinSxS\amd64_microsoft.windows.common-controls_6595b64144ccf1df_6.0.19041.3636_none_60b6a03d71f818d5\COMCTL32.dll
0x00007ffdd2c20000 - 0x00007ffdd2c2a000 	C:\WINDOWS\SYSTEM32\VERSION.dll
0x00007ffdde9b0000 - 0x00007ffdde9e0000 	C:\WINDOWS\System32\IMM32.DLL
0x00007ffdc7820000 - 0x00007ffdc7983000 	C:\Program Files (x86)\Citrix\ICA Client\epclient64.dll
0x00007ffddd110000 - 0x00007ffddd464000 	C:\WINDOWS\System32\combase.dll
0x00007ffddc060000 - 0x00007ffddc093000 	C:\WINDOWS\SYSTEM32\ntmarta.dll
0x0000025c09070000 - 0x0000025c090f2000 	C:\WINDOWS\System32\bcryptprimitives.dll
0x00007ffdd9e00000 - 0x00007ffdd9e12000 	C:\WINDOWS\SYSTEM32\kernel.appcore.dll
0x00007ffdd6590000 - 0x00007ffdd659c000 	C:\Program Files\Java\jdk-19\bin\vcruntime140_1.dll
0x00007ffdbe9b0000 - 0x00007ffdbea3e000 	C:\Program Files\Java\jdk-19\bin\msvcp140.dll
0x00007ffda3d50000 - 0x00007ffda4a10000 	C:\Program Files\Java\jdk-19\bin\server\jvm.dll
0x00007ffdc5860000 - 0x00007ffdc5869000 	C:\WINDOWS\SYSTEM32\WSOCK32.dll
0x00007ffdde940000 - 0x00007ffdde9ab000 	C:\WINDOWS\System32\WS2_32.dll
0x00007ffdd1960000 - 0x00007ffdd1987000 	C:\WINDOWS\SYSTEM32\WINMM.dll
0x00007ffdd6540000 - 0x00007ffdd654a000 	C:\Program Files\Java\jdk-19\bin\jimage.dll
0x00007ffddbd10000 - 0x00007ffddbef4000 	C:\WINDOWS\SYSTEM32\DBGHELP.DLL
0x00007ffddbcd0000 - 0x00007ffddbd04000 	C:\WINDOWS\SYSTEM32\dbgcore.DLL
0x00007ffdd76b0000 - 0x00007ffdd76be000 	C:\Program Files\Java\jdk-19\bin\instrument.dll
0x00007ffdced90000 - 0x00007ffdcedb6000 	C:\Program Files\Java\jdk-19\bin\java.dll
0x00007ffdbbf90000 - 0x00007ffdbc067000 	C:\Program Files\Java\jdk-19\bin\jsvml.dll
0x0000025c31400000 - 0x0000025c31b45000 	C:\WINDOWS\System32\SHELL32.dll
0x00007ffdd9e20000 - 0x00007ffdda5bb000 	C:\WINDOWS\SYSTEM32\windows.storage.dll
0x00007ffddb4d0000 - 0x00007ffddb4fd000 	C:\WINDOWS\SYSTEM32\Wldp.dll
0x0000025c2d230000 - 0x0000025c2d2dd000 	C:\WINDOWS\System32\SHCORE.dll
0x0000025c2d2e0000 - 0x0000025c2d335000 	C:\WINDOWS\System32\shlwapi.dll
0x00007ffddc330000 - 0x00007ffddc355000 	C:\WINDOWS\SYSTEM32\profapi.dll
0x00007ffdceaf0000 - 0x00007ffdceb08000 	C:\Program Files\Java\jdk-19\bin\zip.dll
0x00007ffdd1eb0000 - 0x00007ffdd1ec3000 	C:\Program Files\Java\jdk-19\bin\net.dll
0x00007ffdd4740000 - 0x00007ffdd484a000 	C:\WINDOWS\SYSTEM32\WINHTTP.dll
0x00007ffddb340000 - 0x00007ffddb3aa000 	C:\WINDOWS\system32\mswsock.dll
0x00007ffdced70000 - 0x00007ffdced86000 	C:\Program Files\Java\jdk-19\bin\nio.dll
0x00007ffdd66e0000 - 0x00007ffdd66fa000 	C:\Program Files\JetBrains\IntelliJ IDEA Community Edition 2022.3.2\bin\breakgen64.dll
0x00007ffdd64d0000 - 0x00007ffdd64d8000 	C:\Program Files\Java\jdk-19\bin\extnet.dll
0x00007ffdd6700000 - 0x00007ffdd6710000 	C:\Program Files\Java\jdk-19\bin\verify.dll
0x00007ffdd76c0000 - 0x00007ffdd76ca000 	C:\Program Files\Java\jdk-19\bin\management.dll
0x00007ffdd65a0000 - 0x00007ffdd65ab000 	C:\Program Files\Java\jdk-19\bin\management_ext.dll
0x0000025c098d0000 - 0x0000025c098d8000 	C:\WINDOWS\System32\PSAPI.DLL
0x00007ffdbf2a0000 - 0x00007ffdbf2b7000 	C:\WINDOWS\system32\napinsp.dll
0x00007ffdbf5a0000 - 0x00007ffdbf5bb000 	C:\WINDOWS\system32\pnrpnsp.dll
0x00007ffdd6970000 - 0x00007ffdd6985000 	C:\WINDOWS\system32\wshbth.dll
0x00007ffdd7260000 - 0x00007ffdd727d000 	C:\WINDOWS\system32\NLAapi.dll
0x00007ffddb0c0000 - 0x00007ffddb0fb000 	C:\WINDOWS\SYSTEM32\IPHLPAPI.DLL
0x00007ffddb100000 - 0x00007ffddb1ca000 	C:\WINDOWS\SYSTEM32\DNSAPI.dll
0x0000025c098e0000 - 0x0000025c098e8000 	C:\WINDOWS\System32\NSI.dll
0x00007ffdbf410000 - 0x00007ffdbf422000 	C:\WINDOWS\System32\winrnr.dll
0x00007ffdccad0000 - 0x00007ffdccada000 	C:\Windows\System32\rasadhlp.dll
0x00007ffdcc9f0000 - 0x00007ffdcca70000 	C:\WINDOWS\System32\fwpuclnt.dll

dbghelp: loaded successfully - version: 4.0.5 - missing functions: none
symbol engine: initialized successfully - sym options: 0x614 - pdb path: .;C:\Program Files\Java\jdk-19\bin;C:\WINDOWS\SYSTEM32;C:\WINDOWS\WinSxS\amd64_microsoft.windows.common-controls_6595b64144ccf1df_6.0.19041.3636_none_60b6a03d71f818d5;C:\Program Files (x86)\Citrix\ICA Client;C:\Program Files\Java\jdk-19\bin\server;C:\Program Files\JetBrains\IntelliJ IDEA Community Edition 2022.3.2\bin

VM Arguments:
jvm_args: -javaagent:C:\Program Files\JetBrains\IntelliJ IDEA Community Edition 2022.3.2\lib\idea_rt.jar=54397:C:\Program Files\JetBrains\IntelliJ IDEA Community Edition 2022.3.2\bin -Dfile.encoding=UTF-8 -Dsun.stdout.encoding=UTF-8 -Dsun.stderr.encoding=UTF-8 
java_command: com.example.simplespringsecurity.SimplespringsecurityApplicationKt
java_class_path (initial): C:\Users\R4FC0M\Downloads\simplespringsecurity\target\classes;C:\Users\R4FC0M\.m2\repository\org\springframework\boot\spring-boot-starter-data-jpa\2.7.4\spring-boot-starter-data-jpa-2.7.4.jar;C:\Users\R4FC0M\.m2\repository\org\springframework\boot\spring-boot-starter-aop\2.7.4\spring-boot-starter-aop-2.7.4.jar;C:\Users\R4FC0M\.m2\repository\org\springframework\spring-aop\5.3.23\spring-aop-5.3.23.jar;C:\Users\R4FC0M\.m2\repository\org\aspectj\aspectjweaver\1.9.7\aspectjweaver-1.9.7.jar;C:\Users\R4FC0M\.m2\repository\org\springframework\boot\spring-boot-starter-jdbc\2.7.4\spring-boot-starter-jdbc-2.7.4.jar;C:\Users\R4FC0M\.m2\repository\com\zaxxer\HikariCP\4.0.3\HikariCP-4.0.3.jar;C:\Users\R4FC0M\.m2\repository\org\springframework\spring-jdbc\5.3.23\spring-jdbc-5.3.23.jar;C:\Users\R4FC0M\.m2\repository\jakarta\transaction\jakarta.transaction-api\1.3.3\jakarta.transaction-api-1.3.3.jar;C:\Users\R4FC0M\.m2\repository\jakarta\persistence\jakarta.persistence-api\2.2.3\jakarta.persistence-api-2.2.3.jar;C:\Users\R4FC0M\.m2\repository\org\hibernate\hibernate-core\5.6.11.Final\hibernate-core-5.6.11.Final.jar;C:\Users\R4FC0M\.m2\repository\org\jboss\logging\jboss-logging\3.4.3.Final\jboss-logging-3.4.3.Final.jar;C:\Users\R4FC0M\.m2\repository\net\bytebuddy\byte-buddy\1.12.17\byte-buddy-1.12.17.jar;C:\Users\R4FC0M\.m2\repository\antlr\antlr\2.7.7\antlr-2.7.7.jar;C:\Users\R4FC0M\.m2\repository\org\jboss\jandex\2.4.2.Final\jandex-2.4.2.Final.jar;C:\Users\R4FC0M\.m2\repository\com\fasterxml\classmate\1.5.1\classmate-1.5.1.jar;C:\Users\R4FC0M\.m2\repository\org\hibernate\common\hibernate-commons-annotations\5.1.2.Final\hibernate-commons-annotations-5.1.2.Final.jar;C:\Users\R4FC0M\.m2\repository\org\glassfish\jaxb\jaxb-runtime\2.3.6\jaxb-runtime-2.3.6.jar;C:\Users\R4FC0M\.m2\repository\org\glassfish\jaxb\txw2\2.3.6\txw2-2.3.6.jar;C:\Users\R4FC0M\.m2\repository\com\sun\istack\istack-commons-runtime\3.0.12\istack-commons-runtime-3.0.12.jar;C:\Users\R4FC0M\.m2\repository\com\sun\activation\jakarta.activation\1.2.2\jakarta.activation-1.2.2.jar;C:\Users\R4FC0M\.m2\repository\org\springframework\data\spring-data-jpa\2.7.3\spring-data-jpa-2.7.3.jar;C:\Users\R4FC0M\.m2\repository\org\springframework\data\spring-data-commons\2.7.3\spring-data-commons-2.7.3.jar;C:\Users\R4FC0M\.m2\repository\org\springframework\spring-orm\5.3.23\spring-orm-5.3.23.jar;C:\Users\R4FC0M\.m2\repository\org\springframework\spring-context\5.3.23\spring-context-5.3.23.jar;C:\Users\R4FC0M\.m2\repository\org\springframework\spring-tx\5.3.23\spring-tx-5.3.23.jar;C:\Users\R4FC0M\.m2\repository\org\springframework\spring-beans\5.3.23\spring-beans-5.3.23.jar;C:\Users\R4FC0M\.m2\repository\org\springframework\spring-aspects\5.3.23\spring-aspects-5.3.23.jar;C:\Users\R4FC0M\.m2\repository\org\springframework\boot\spring-boot-starter-thymeleaf\2.7.4\spring-boot-starter-thymeleaf-2.7.4.jar;C:\Users\R4FC0M\.m2\repository\org\springframework\boot\spring-boot-starter\2.7.4\spring-boot-starter-2.7.4.jar;C:\Users\R4FC0M\.m2\repository\org\springframework\boot\spring-boot\2.7.4\spring-boot-2.7.4.jar;C:\Users\R4FC0M\.m2\repository\org\springframework\boot\spring-boot-autoconfigure\2.7.4\spring-boot-autoconfigure-2.7.4.jar;C:\Users\R4FC0M\.m2\repository\org\springframework\boot\spring-boot-starter-logging\2.7.4\spring-boot-starter-logging-2.7.4.jar;C:\Users\R4FC0M\.m2\repository\ch\qos\logback\logback-classic\1.2.11\logback-classic-1.2.11.jar;C:\Users\R4FC0M\.m2\repository\ch\qos\logback\logback-core\1.2.11\logback-core-1.2.11.jar;C:\Users\R4FC0M\.m2\repository\org\apache\logging\log4j\log4j-to-slf4j\2.17.2\log4j-to-slf4j-2.17.2.jar;C:\Users\R4FC0M\.m2\repository\org\apache\logging\log4j\log4j-api\2.17.2\log4j-api-2.17.2.jar;C:\Users\R4FC0M\.m2\repository\org\slf4j\jul-to-slf4j\1.7.36\jul-to-slf4j-1.7.36.jar;C:\Users\R4FC0M\.m2\repository\jakarta\annotation\jakarta.annotation-api\1.3.5\jakarta.annotation-api-1.3.5.jar;C:\Users\R4FC0M\.m2\repository\org\yaml\snakeyaml\1.30\snakeyaml-1.30.jar;C:\Users\R4FC0M\.m2\repository\org\thymeleaf\thymeleaf-spring5\3.0.15.RELEASE\thymeleaf-spring5-3.0.15.RELEASE.jar;C:\Users\R4FC0M\.m2\repository\org\thymeleaf\extras\thymeleaf-extras-java8time\3.0.4.RELEASE\thymeleaf-extras-java8time-3.0.4.RELEASE.jar;C:\Users\R4FC0M\.m2\repository\org\springframework\boot\spring-boot-starter-web\2.7.4\spring-boot-starter-web-2.7.4.jar;C:\Users\R4FC0M\.m2\repository\org\springframework\boot\spring-boot-starter-json\2.7.4\spring-boot-starter-json-2.7.4.jar;C:\Users\R4FC0M\.m2\repository\com\fasterxml\jackson\datatype\jackson-datatype-jdk8\2.13.4\jackson-datatype-jdk8-2.13.4.jar;C:\Users\R4FC0M\.m2\repository\com\fasterxml\jackson\datatype\jackson-datatype-jsr310\2.13.4\jackson-datatype-jsr310-2.13.4.jar;C:\Users\R4FC0M\.m2\repository\com\fasterxml\jackson\module\jackson-module-parameter-names\2.13.4\jackson-module-parameter-names-2.13.4.jar;C:\Users\R4FC0M\.m2\repository\org\springframework\boot\spring-boot-starter-tomcat\2.7.4\spring-boot-starter-tomcat-2.7.4.jar;C:\Users\R4FC0M\.m2\repository\org\apache\tomcat\embed\tomcat-embed-core\9.0.65\tomcat-embed-core-9.0.65.jar;C:\Users\R4FC0M\.m2\repository\org\apache\tomcat\embed\tomcat-embed-el\9.0.65\tomcat-embed-el-9.0.65.jar;C:\Users\R4FC0M\.m2\repository\org\apache\tomcat\embed\tomcat-embed-websocket\9.0.65\tomcat-embed-websocket-9.0.65.jar;C:\Users\R4FC0M\.m2\repository\org\springframework\spring-web\5.3.23\spring-web-5.3.23.jar;C:\Users\R4FC0M\.m2\repository\org\springframework\spring-webmvc\5.3.23\spring-webmvc-5.3.23.jar;C:\Users\R4FC0M\.m2\repository\org\springframework\spring-expression\5.3.23\spring-expression-5.3.23.jar;C:\Users\R4FC0M\.m2\repository\com\fasterxml\jackson\module\jackson-module-kotlin\2.13.4\jackson-module-kotlin-2.13.4.jar;C:\Users\R4FC0M\.m2\repository\com\fasterxml\jackson\core\jackson-databind\2.13.4\jackson-databind-2.13.4.jar;C:\Users\R4FC0M\.m2\repository\com\fasterxml\jackson\core\jackson-core\2.13.4\jackson-core-2.13.4.jar;C:\Users\R4FC0M\.m2\repository\com\fasterxml\jackson\core\jackson-annotations\2.13.4\jackson-annotations-2.13.4.jar;C:\Users\R4FC0M\.m2\repository\org\jetbrains\kotlin\kotlin-reflect\1.9.22\kotlin-reflect-1.9.22.jar;C:\Users\R4FC0M\.m2\repository\org\jetbrains\kotlin\kotlin-stdlib\1.9.22\kotlin-stdlib-1.9.22.jar;C:\Users\R4FC0M\.m2\repository\org\jetbrains\annotations\13.0\annotations-13.0.jar;C:\Users\R4FC0M\.m2\repository\mysql\mysql-connector-java\8.0.23\mysql-connector-java-8.0.23.jar;C:\Users\R4FC0M\.m2\repository\jakarta\xml\bind\jakarta.xml.bind-api\2.3.3\jakarta.xml.bind-api-2.3.3.jar;C:\Users\R4FC0M\.m2\repository\jakarta\activation\jakarta.activation-api\1.2.2\jakarta.activation-api-1.2.2.jar;C:\Users\R4FC0M\.m2\repository\org\springframework\spring-core\5.3.23\spring-core-5.3.23.jar;C:\Users\R4FC0M\.m2\repository\org\springframework\spring-jcl\5.3.23\spring-jcl-5.3.23.jar;C:\Users\R4FC0M\.m2\repository\nz\net\ultraq\thymeleaf\thymeleaf-layout-dialect\3.2.1\thymeleaf-layout-dialect-3.2.1.jar;C:\Users\R4FC0M\.m2\repository\org\apache\groovy\groovy\4.0.10\groovy-4.0.10.jar;C:\Users\R4FC0M\.m2\repository\nz\net\ultraq\groovy\groovy-extensions\2.1.0\groovy-extensions-2.1.0.jar;C:\Users\R4FC0M\.m2\repository\nz\net\ultraq\thymeleaf\thymeleaf-expression-processor\3.1.1\thymeleaf-expression-processor-3.1.1.jar;C:\Users\R4FC0M\.m2\repository\org\thymeleaf\thymeleaf\3.0.15.RELEASE\thymeleaf-3.0.15.RELEASE.jar;C:\Users\R4FC0M\.m2\repository\ognl\ognl\3.1.26\ognl-3.1.26.jar;C:\Users\R4FC0M\.m2\repository\org\javassist\javassist\3.20.0-GA\javassist-3.20.0-GA.jar;C:\Users\R4FC0M\.m2\repository\org\attoparser\attoparser\2.0.5.RELEASE\attoparser-2.0.5.RELEASE.jar;C:\Users\R4FC0M\.m2\repository\org\unbescape\unbescape\1.1.6.RELEASE\unbescape-1.1.6.RELEASE.jar;C:\Users\R4FC0M\.m2\repository\org\slf4j\slf4j-api\1.7.36\slf4j-api-1.7.36.jar;C:\Users\R4FC0M\.m2\repository\org\projectlombok\lombok\1.18.28\lombok-1.18.28.jar
Launcher Type: SUN_STANDARD

[Global flags]
     intx CICompilerCount                          = 4                                         {product} {ergonomic}
     uint ConcGCThreads                            = 3                                         {product} {ergonomic}
     uint G1ConcRefinementThreads                  = 10                                        {product} {ergonomic}
   size_t G1HeapRegionSize                         = 2097152                                   {product} {ergonomic}
    uintx GCDrainStackTargetSize                   = 64                                        {product} {ergonomic}
   size_t InitialHeapSize                          = 268435456                                 {product} {ergonomic}
   size_t MarkStackSize                            = 4194304                                   {product} {ergonomic}
   size_t MaxHeapSize                              = 4280287232                                {product} {ergonomic}
   size_t MaxNewSize                               = 2566914048                                {product} {ergonomic}
   size_t MinHeapDeltaBytes                        = 2097152                                   {product} {ergonomic}
   size_t MinHeapSize                              = 8388608                                   {product} {ergonomic}
    uintx NonNMethodCodeHeapSize                   = 5839372                                {pd product} {ergonomic}
    uintx NonProfiledCodeHeapSize                  = 122909434                              {pd product} {ergonomic}
    uintx ProfiledCodeHeapSize                     = 122909434                              {pd product} {ergonomic}
    uintx ReservedCodeCacheSize                    = 251658240                              {pd product} {ergonomic}
     bool SegmentedCodeCache                       = true                                      {product} {ergonomic}
   size_t SoftMaxHeapSize                          = 4280287232                             {manageable} {ergonomic}
     bool UseCompressedClassPointers               = true                           {product lp64_product} {ergonomic}
     bool UseCompressedOops                        = true                           {product lp64_product} {ergonomic}
     bool UseG1GC                                  = true                                      {product} {ergonomic}
     bool UseLargePagesIndividualAllocation        = false                                  {pd product} {ergonomic}

Logging:
Log output configuration:
 #0: stdout all=warning uptime,level,tags foldmultilines=false
 #1: stderr all=off uptime,level,tags foldmultilines=false

Environment Variables:
PATH=C:\Program Files\Common Files\Oracle\Java\javapath;C:\Program Files (x86)\Common Files\Oracle\Java\javapath;C:\Program Files (x86)\Razer Chroma SDK\bin;C:\Program Files\Razer Chroma SDK\bin;C:\Program Files (x86)\Intel\Intel(R) Management Engine Components\iCLS\;C:\Program Files\Intel\Intel(R) Management Engine Components\iCLS\;C:\Windows\system32;C:\Windows;C:\Windows\System32\Wbem;C:\Windows\System32\WindowsPowerShell\v1.0\;C:\Windows\System32\OpenSSH\;C:\Program Files (x86)\Intel\Intel(R) Management Engine Components\DAL;C:\Program Files\Intel\Intel(R) Management Engine Components\DAL;C:\Windows\system32\config\systemprofile\AppData\Local\Microsoft\WindowsApps;C:\WINDOWS\system32;C:\WINDOWS;C:\WINDOWS\System32\Wbem;C:\WINDOWS\System32\WindowsPowerShell\v1.0\;C:\WINDOWS\System32\OpenSSH\;C:\Program Files\nodejs\;C:\Users\R4FC0M\AppData\Roaming\npm\node_modules\newman\bin;P:\node-v8.17.0-win-x64\node_modules\npm;C:\Program Files\Git\cmd;C:\Users\R4FC0M\Downloads\apache-maven-3.9.1\bin;C:\Program Files\Amazon\AWSCLIV2\;C:\Program Files\MySQL\MySQL Shell 8.0\bin\;C:\Users\R4FC0M\AppData\Local\Microsoft\WindowsApps;;C:\Program Files\JetBrains\IntelliJ IDEA Community Edition 2022.3.2\bin;;C:\Users\R4FC0M\AppData\Roaming\npm
USERNAME=R4FC0M
OS=Windows_NT
PROCESSOR_IDENTIFIER=Intel64 Family 6 Model 158 Stepping 10, GenuineIntel
TMP=C:\Users\R4FC0M\AppData\Local\Temp
TEMP=C:\Users\R4FC0M\AppData\Local\Temp



---------------  S Y S T E M  ---------------

OS:
 Windows 10 , 64 bit Build 19041 (10.0.19041.3636)
OS uptime: 18 days 16:11 hours
Hyper-V role detected

CPU: total 12 (initial active 12) (6 cores per cpu, 2 threads per core) family 6 model 158 stepping 10 microcode 0xb4, cx8, cmov, fxsr, ht, mmx, 3dnowpref, sse, sse2, sse3, ssse3, sse4.1, sse4.2, popcnt, lzcnt, tsc, tscinvbit, avx, avx2, aes, erms, clmul, bmi1, bmi2, rtm, adx, fma, vzeroupper, clflush, clflushopt, hv, rdtscp

Memory: 4k page, system-wide physical 16322M (2987M free)
TotalPageFile size 65474M (AvailPageFile size 1M)
current process WorkingSet (physical memory assigned to process): 110M, peak: 110M
current process commit charge ("private bytes"): 382M, peak: 383M

vm_info: Java HotSpot(TM) 64-Bit Server VM (19.0.2+7-44) for windows-amd64 JRE (19.0.2+7-44), built on 2022-11-30T18:02:09Z by "mach5one" with MS VC++ 17.1 (VS2022)

END.
