#
# There is insufficient memory for the Java Runtime Environment to continue.
# Native memory allocation (malloc) failed to allocate 717296 bytes for Chunk::new
# Possible reasons:
#   The system is out of physical RAM or swap space
#   The process is running with CompressedOops enabled, and the Java Heap may be blocking the growth of the native heap
# Possible solutions:
#   Reduce memory load on the system
#   Increase physical memory or swap space
#   Check if swap backing store is full
#   Decrease Java heap size (-Xmx/-Xms)
#   Decrease number of Java threads
#   Decrease Java thread stack sizes (-Xss)
#   Set larger code cache with -XX:ReservedCodeCacheSize=
#   JVM is running with Zero Based Compressed Oops mode in which the Java heap is
#     placed in the first 32GB address space. The Java Heap base address is the
#     maximum limit for the native heap growth. Please use -XX:HeapBaseMinAddress
#     to set the Java Heap base and to place the Java Heap above 32GB virtual address.
# This output file may be truncated or incomplete.
#
#  Out of Memory Error (arena.cpp:184), pid=3312, tid=19380
#
# JRE version: Java(TM) SE Runtime Environment (19.0.2+7) (build 19.0.2+7-44)
# Java VM: Java HotSpot(TM) 64-Bit Server VM (19.0.2+7-44, mixed mode, sharing, tiered, compressed oops, compressed class ptrs, g1 gc, windows-amd64)
# No core dump will be written. Minidumps are not enabled by default on client versions of Windows
#

---------------  S U M M A R Y ------------

Command Line: -javaagent:C:\Program Files\JetBrains\IntelliJ IDEA Community Edition 2022.3.2\lib\idea_rt.jar=52722:C:\Program Files\JetBrains\IntelliJ IDEA Community Edition 2022.3.2\bin -Dfile.encoding=UTF-8 -Dsun.stdout.encoding=UTF-8 -Dsun.stderr.encoding=UTF-8 com.example.simplespringsecurity.SimplespringsecurityApplicationKt

Host: Intel(R) Core(TM) i7-8700K CPU @ 3.70GHz, 12 cores, 15G,  Windows 10 , 64 bit Build 19041 (10.0.19041.3636)
Time: Wed Feb  7 15:13:46 2024 Mitteleuropäische Zeit elapsed time: 53.991676 seconds (0d 0h 0m 53s)

---------------  T H R E A D  ---------------

Current thread (0x000002d360762770):  JavaThread "C2 CompilerThread0" daemon [_thread_in_native, id=19380, stack(0x000000e4d2900000,0x000000e4d2a00000)]


Current CompileTask:
C2:  53991 7192       4       org.springframework.core.ResolvableType::forType (115 bytes)

Stack: [0x000000e4d2900000,0x000000e4d2a00000]
Native frames: (J=compiled Java code, j=interpreted, Vv=VM code, C=native code)
V  [jvm.dll+0x6ee21a]
V  [jvm.dll+0x85765e]
V  [jvm.dll+0x85904e]
V  [jvm.dll+0x859703]
V  [jvm.dll+0x28298f]
V  [jvm.dll+0xc9adf]
V  [jvm.dll+0xc9e65]
V  [jvm.dll+0x2f7caf]
V  [jvm.dll+0x5f076b]
V  [jvm.dll+0x255483]
V  [jvm.dll+0x24dd00]
V  [jvm.dll+0x24b673]
V  [jvm.dll+0x1d6ce1]
V  [jvm.dll+0x25b25a]
V  [jvm.dll+0x2596e8]
V  [jvm.dll+0x807588]
V  [jvm.dll+0x80125a]
V  [jvm.dll+0x6ecf0b]
C  [ucrtbase.dll+0x21bb2]
C  [KERNEL32.DLL+0x17344]
C  [ntdll.dll+0x526b1]


---------------  P R O C E S S  ---------------

Threads class SMR info:
_java_thread_list=0x000002d361ab6040, length=30, elements={
0x000002d3591cc9d0, 0x000002d3591cdd70, 0x000002d360752af0, 0x000002d360754430,
0x000002d3607550a0, 0x000002d36075df90, 0x000002d360762770, 0x000002d36076c6a0,
0x000002d360779450, 0x000002d3591a5670, 0x000002d360a5b550, 0x000002d360a5ba90,
0x000002d363e9beb0, 0x000002d363583980, 0x000002d3646f6230, 0x000002d3630aa300,
0x000002d3630a9db0, 0x000002d36437fc90, 0x000002d36437e200, 0x000002d364379cf0,
0x000002d36437a790, 0x000002d36437bcd0, 0x000002d36437a240, 0x000002d36437c220,
0x000002d3643801e0, 0x000002d36437c770, 0x000002d36437d210, 0x000002d364380730,
0x000002d36437d760, 0x000002d36437e750
}

Java Threads: ( => current thread )
  0x000002d3591cc9d0 JavaThread "Reference Handler" daemon [_thread_blocked, id=22740, stack(0x000000e4d2300000,0x000000e4d2400000)]
  0x000002d3591cdd70 JavaThread "Finalizer" daemon [_thread_blocked, id=41096, stack(0x000000e4d2400000,0x000000e4d2500000)]
  0x000002d360752af0 JavaThread "Signal Dispatcher" daemon [_thread_blocked, id=31364, stack(0x000000e4d2500000,0x000000e4d2600000)]
  0x000002d360754430 JavaThread "Attach Listener" daemon [_thread_blocked, id=33952, stack(0x000000e4d2600000,0x000000e4d2700000)]
  0x000002d3607550a0 JavaThread "Service Thread" daemon [_thread_blocked, id=31892, stack(0x000000e4d2700000,0x000000e4d2800000)]
  0x000002d36075df90 JavaThread "Monitor Deflation Thread" daemon [_thread_blocked, id=8808, stack(0x000000e4d2800000,0x000000e4d2900000)]
=>0x000002d360762770 JavaThread "C2 CompilerThread0" daemon [_thread_in_native, id=19380, stack(0x000000e4d2900000,0x000000e4d2a00000)]
  0x000002d36076c6a0 JavaThread "C1 CompilerThread0" daemon [_thread_blocked, id=37220, stack(0x000000e4d2a00000,0x000000e4d2b00000)]
  0x000002d360779450 JavaThread "Sweeper thread" daemon [_thread_blocked, id=2336, stack(0x000000e4d2b00000,0x000000e4d2c00000)]
  0x000002d3591a5670 JavaThread "Common-Cleaner" daemon [_thread_blocked, id=5424, stack(0x000000e4d2c00000,0x000000e4d2d00000)]
  0x000002d360a5b550 JavaThread "Monitor Ctrl-Break" daemon [_thread_in_native, id=29732, stack(0x000000e4d2e00000,0x000000e4d2f00000)]
  0x000002d360a5ba90 JavaThread "Notification Thread" daemon [_thread_blocked, id=39464, stack(0x000000e4d2f00000,0x000000e4d3000000)]
  0x000002d363e9beb0 JavaThread "Catalina-utility-1" [_thread_blocked, id=38400, stack(0x000000e4d3900000,0x000000e4d3a00000)]
  0x000002d363583980 JavaThread "Catalina-utility-2" [_thread_blocked, id=27224, stack(0x000000e4d3e00000,0x000000e4d3f00000)]
  0x000002d3646f6230 JavaThread "container-0" [_thread_blocked, id=15336, stack(0x000000e4d3f00000,0x000000e4d4000000)]
  0x000002d3630aa300 JavaThread "mysql-cj-abandoned-connection-cleanup" daemon [_thread_blocked, id=38212, stack(0x000000e4d4000000,0x000000e4d4100000)]
  0x000002d3630a9db0 JavaThread "HikariPool-1 housekeeper" daemon [_thread_blocked, id=9744, stack(0x000000e4d4200000,0x000000e4d4300000)]
  0x000002d36437fc90 JavaThread "http-nio-8080-exec-1" daemon [_thread_blocked, id=29212, stack(0x000000e4d4400000,0x000000e4d4500000)]
  0x000002d36437e200 JavaThread "http-nio-8080-exec-2" daemon [_thread_blocked, id=13948, stack(0x000000e4d4500000,0x000000e4d4600000)]
  0x000002d364379cf0 JavaThread "http-nio-8080-exec-3" daemon [_thread_blocked, id=33420, stack(0x000000e4d4600000,0x000000e4d4700000)]
  0x000002d36437a790 JavaThread "http-nio-8080-exec-4" daemon [_thread_blocked, id=28492, stack(0x000000e4d4700000,0x000000e4d4800000)]
  0x000002d36437bcd0 JavaThread "http-nio-8080-exec-5" daemon [_thread_blocked, id=16484, stack(0x000000e4d4800000,0x000000e4d4900000)]
  0x000002d36437a240 JavaThread "http-nio-8080-exec-6" daemon [_thread_blocked, id=24824, stack(0x000000e4d4900000,0x000000e4d4a00000)]
  0x000002d36437c220 JavaThread "http-nio-8080-exec-7" daemon [_thread_blocked, id=10916, stack(0x000000e4d4a00000,0x000000e4d4b00000)]
  0x000002d3643801e0 JavaThread "http-nio-8080-exec-8" daemon [_thread_blocked, id=12556, stack(0x000000e4d4b00000,0x000000e4d4c00000)]
  0x000002d36437c770 JavaThread "http-nio-8080-exec-9" daemon [_thread_blocked, id=39452, stack(0x000000e4d4c00000,0x000000e4d4d00000)]
  0x000002d36437d210 JavaThread "http-nio-8080-exec-10" daemon [_thread_blocked, id=41680, stack(0x000000e4d4d00000,0x000000e4d4e00000)]
  0x000002d364380730 JavaThread "http-nio-8080-Poller" daemon [_thread_in_native, id=28896, stack(0x000000e4d4e00000,0x000000e4d4f00000)]
  0x000002d36437d760 JavaThread "http-nio-8080-Acceptor" daemon [_thread_in_native, id=16136, stack(0x000000e4d4f00000,0x000000e4d5000000)]
  0x000002d36437e750 JavaThread "DestroyJavaVM" [_thread_blocked, id=3004, stack(0x000000e4d1b00000,0x000000e4d1c00000)]

Other Threads:
  0x000002d3591b8d10 VMThread "VM Thread" [stack: 0x000000e4d2200000,0x000000e4d2300000] [id=15616]
  0x000002d360b4cfc0 WatcherThread "VM Periodic Task Thread" [stack: 0x000000e4d3000000,0x000000e4d3100000] [id=38572]
  0x000002d33842c210 WorkerThread "GC Thread#0" [stack: 0x000000e4d1d00000,0x000000e4d1e00000] [id=16212]
  0x000002d360f38f00 WorkerThread "GC Thread#1" [stack: 0x000000e4d3100000,0x000000e4d3200000] [id=22592]
  0x000002d360f3a2b0 WorkerThread "GC Thread#2" [stack: 0x000000e4d3200000,0x000000e4d3300000] [id=26848]
  0x000002d360f39a40 WorkerThread "GC Thread#3" [stack: 0x000000e4d3300000,0x000000e4d3400000] [id=39524]
  0x000002d360f3a850 WorkerThread "GC Thread#4" [stack: 0x000000e4d3400000,0x000000e4d3500000] [id=32392]
  0x000002d360f39770 WorkerThread "GC Thread#5" [stack: 0x000000e4d3500000,0x000000e4d3600000] [id=27496]
  0x000002d360f39d10 WorkerThread "GC Thread#6" [stack: 0x000000e4d3600000,0x000000e4d3700000] [id=16552]
  0x000002d360f391d0 WorkerThread "GC Thread#7" [stack: 0x000000e4d3700000,0x000000e4d3800000] [id=28432]
  0x000002d360f394a0 WorkerThread "GC Thread#8" [stack: 0x000000e4d3a00000,0x000000e4d3b00000] [id=32352]
  0x000002d360f39fe0 WorkerThread "GC Thread#9" [stack: 0x000000e4d3b00000,0x000000e4d3c00000] [id=1204]
  0x000002d33843d310 ConcurrentGCThread "G1 Main Marker" [stack: 0x000000e4d1e00000,0x000000e4d1f00000] [id=29360]
  0x000002d33843e7c0 WorkerThread "G1 Conc#0" [stack: 0x000000e4d1f00000,0x000000e4d2000000] [id=26688]
  0x000002d362c0ba90 WorkerThread "G1 Conc#1" [stack: 0x000000e4d3c00000,0x000000e4d3d00000] [id=33740]
  0x000002d362c08d90 WorkerThread "G1 Conc#2" [stack: 0x000000e4d3d00000,0x000000e4d3e00000] [id=14992]
  0x000002d359069290 ConcurrentGCThread "G1 Refine#0" [stack: 0x000000e4d2000000,0x000000e4d2100000] [id=27664]
  0x000002d35906cc00 ConcurrentGCThread "G1 Service" [stack: 0x000000e4d2100000,0x000000e4d2200000] [id=5600]

Threads with active compile tasks:
C2 CompilerThread0    54021 7192       4       org.springframework.core.ResolvableType::forType (115 bytes)

VM state: not at safepoint (normal execution)

VM Mutex/Monitor currently owned by a thread: None

Heap address: 0x0000000700e00000, size: 4082 MB, Compressed Oops mode: Zero based, Oop shift amount: 3

CDS archive(s) mapped at: [0x0000000800000000-0x0000000800c40000-0x0000000800c40000), size 12845056, SharedBaseAddress: 0x0000000800000000, ArchiveRelocationMode: 0.
Compressed class space mapped at: 0x0000000801000000-0x0000000841000000, reserved size: 1073741824
Narrow klass base: 0x0000000800000000, Narrow klass shift: 0, Narrow klass range: 0x100000000

GC Precious Log:
 CardTable entry size: 512
 Card Set container configuration: InlinePtr #cards 4 size 8 Array Of Cards #cards 16 size 48 Howl #buckets 8 coarsen threshold 3686 Howl Bitmap #cards 512 size 80 coarsen threshold 460 Card regions per heap region 1 cards per card region 4096
 CPUs: 12 total, 12 available
 Memory: 16322M
 Large Page Support: Disabled
 NUMA Support: Disabled
 Compressed Oops: Enabled (Zero based)
 Heap Region Size: 2M
 Heap Min Capacity: 8M
 Heap Initial Capacity: 256M
 Heap Max Capacity: 4082M
 Pre-touch: Disabled
 Parallel Workers: 10
 Concurrent Workers: 3
 Concurrent Refinement Workers: 10
 Periodic GC: Disabled

Heap:
 garbage-first heap   total 81920K, used 35036K [0x0000000700e00000, 0x0000000800000000)
  region size 2048K, 3 young (6144K), 2 survivors (4096K)
 Metaspace       used 71989K, committed 72576K, reserved 1114112K
  class space    used 8802K, committed 9088K, reserved 1048576K

Heap Regions: E=young(eden), S=young(survivor), O=old, HS=humongous(starts), HC=humongous(continues), CS=collection set, F=free, OA=open archive, CA=closed archive, TAMS=top-at-mark-start (previous, next)
|   0|0x0000000700e00000, 0x0000000701000000, 0x0000000701000000|100%| O|  |TAMS 0x0000000701000000, 0x0000000700e00000| Untracked 
|   1|0x0000000701000000, 0x0000000701200000, 0x0000000701200000|100%| O|  |TAMS 0x0000000701200000, 0x0000000701000000| Untracked 
|   2|0x0000000701200000, 0x0000000701400000, 0x0000000701400000|100%| O|  |TAMS 0x0000000701400000, 0x0000000701200000| Untracked 
|   3|0x0000000701400000, 0x0000000701600000, 0x0000000701600000|100%| O|  |TAMS 0x0000000701600000, 0x0000000701400000| Untracked 
|   4|0x0000000701600000, 0x0000000701800000, 0x0000000701800000|100%| O|  |TAMS 0x0000000701800000, 0x0000000701600000| Untracked 
|   5|0x0000000701800000, 0x0000000701837200, 0x0000000701a00000| 10%| O|  |TAMS 0x0000000701800000, 0x0000000701800000| Untracked 
|   6|0x0000000701a00000, 0x0000000701c00000, 0x0000000701c00000|100%| O|  |TAMS 0x0000000701c00000, 0x0000000701a00000| Untracked 
|   7|0x0000000701c00000, 0x0000000701e00000, 0x0000000701e00000|100%| O|  |TAMS 0x0000000701e00000, 0x0000000701c00000| Untracked 
|   8|0x0000000701e00000, 0x0000000702000000, 0x0000000702000000|100%| O|  |TAMS 0x0000000702000000, 0x0000000701e00000| Untracked 
|   9|0x0000000702000000, 0x0000000702200000, 0x0000000702200000|100%| O|  |TAMS 0x0000000702000000, 0x0000000702000000| Untracked 
|  10|0x0000000702200000, 0x0000000702400000, 0x0000000702400000|100%| O|  |TAMS 0x0000000702400000, 0x0000000702200000| Untracked 
|  11|0x0000000702400000, 0x0000000702600000, 0x0000000702600000|100%| O|  |TAMS 0x0000000702600000, 0x0000000702400000| Untracked 
|  12|0x0000000702600000, 0x0000000702800000, 0x0000000702800000|100%| O|  |TAMS 0x000000070270a400, 0x0000000702600000| Untracked 
|  13|0x0000000702800000, 0x0000000702a00000, 0x0000000702a00000|100%| O|  |TAMS 0x0000000702800000, 0x0000000702800000| Untracked 
|  14|0x0000000702a00000, 0x0000000702c00000, 0x0000000702c00000|100%| O|  |TAMS 0x0000000702a00000, 0x0000000702a00000| Untracked 
|  15|0x0000000702c00000, 0x0000000702e00000, 0x0000000702e00000|100%| O|  |TAMS 0x0000000702c00000, 0x0000000702c00000| Untracked 
|  16|0x0000000702e00000, 0x0000000702e00000, 0x0000000703000000|  0%| F|  |TAMS 0x0000000702e00000, 0x0000000702e00000| Untracked 
|  17|0x0000000703000000, 0x0000000703000000, 0x0000000703200000|  0%| F|  |TAMS 0x0000000703000000, 0x0000000703000000| Untracked 
|  18|0x0000000703200000, 0x0000000703200000, 0x0000000703400000|  0%| F|  |TAMS 0x0000000703200000, 0x0000000703200000| Untracked 
|  19|0x0000000703400000, 0x0000000703400000, 0x0000000703600000|  0%| F|  |TAMS 0x0000000703400000, 0x0000000703400000| Untracked 
|  20|0x0000000703600000, 0x0000000703600000, 0x0000000703800000|  0%| F|  |TAMS 0x0000000703600000, 0x0000000703600000| Untracked 
|  21|0x0000000703800000, 0x0000000703800000, 0x0000000703a00000|  0%| F|  |TAMS 0x0000000703800000, 0x0000000703800000| Untracked 
|  22|0x0000000703a00000, 0x0000000703c00000, 0x0000000703c00000|100%| S|CS|TAMS 0x0000000703a00000, 0x0000000703a00000| Complete 
|  23|0x0000000703c00000, 0x0000000703e00000, 0x0000000703e00000|100%| S|CS|TAMS 0x0000000703c00000, 0x0000000703c00000| Complete 
|  24|0x0000000703e00000, 0x0000000703e00000, 0x0000000704000000|  0%| F|  |TAMS 0x0000000703e00000, 0x0000000703e00000| Untracked 
|  25|0x0000000704000000, 0x0000000704000000, 0x0000000704200000|  0%| F|  |TAMS 0x0000000704000000, 0x0000000704000000| Untracked 
|  26|0x0000000704200000, 0x0000000704200000, 0x0000000704400000|  0%| F|  |TAMS 0x0000000704200000, 0x0000000704200000| Untracked 
|  27|0x0000000704400000, 0x0000000704400000, 0x0000000704600000|  0%| F|  |TAMS 0x0000000704400000, 0x0000000704400000| Untracked 
|  28|0x0000000704600000, 0x0000000704600000, 0x0000000704800000|  0%| F|  |TAMS 0x0000000704600000, 0x0000000704600000| Untracked 
|  29|0x0000000704800000, 0x0000000704800000, 0x0000000704a00000|  0%| F|  |TAMS 0x0000000704800000, 0x0000000704800000| Untracked 
|  30|0x0000000704a00000, 0x0000000704a00000, 0x0000000704c00000|  0%| F|  |TAMS 0x0000000704a00000, 0x0000000704a00000| Untracked 
|  31|0x0000000704c00000, 0x0000000704c00000, 0x0000000704e00000|  0%| F|  |TAMS 0x0000000704c00000, 0x0000000704c00000| Untracked 
|  32|0x0000000704e00000, 0x0000000704e00000, 0x0000000705000000|  0%| F|  |TAMS 0x0000000704e00000, 0x0000000704e00000| Untracked 
|  33|0x0000000705000000, 0x0000000705000000, 0x0000000705200000|  0%| F|  |TAMS 0x0000000705000000, 0x0000000705000000| Untracked 
|  34|0x0000000705200000, 0x0000000705200000, 0x0000000705400000|  0%| F|  |TAMS 0x0000000705200000, 0x0000000705200000| Untracked 
|  35|0x0000000705400000, 0x0000000705400000, 0x0000000705600000|  0%| F|  |TAMS 0x0000000705400000, 0x0000000705400000| Untracked 
|  36|0x0000000705600000, 0x0000000705600000, 0x0000000705800000|  0%| F|  |TAMS 0x0000000705600000, 0x0000000705600000| Untracked 
|  37|0x0000000705800000, 0x0000000705800000, 0x0000000705a00000|  0%| F|  |TAMS 0x0000000705800000, 0x0000000705800000| Untracked 
| 109|0x000000070e800000, 0x000000070e800000, 0x000000070ea00000|  0%| F|  |TAMS 0x000000070e800000, 0x000000070e800000| Untracked 
| 127|0x0000000710c00000, 0x0000000710d559f0, 0x0000000710e00000| 66%| E|  |TAMS 0x0000000710c00000, 0x0000000710c00000| Complete 

Card table byte_map: [0x000002d350030000,0x000002d350830000] _byte_map_base: 0x000002d34c829000

Marking Bits (Prev, Next): (CMBitMap*) 0x000002d33842c790, (CMBitMap*) 0x000002d33842c750
 Prev Bits: [0x000002d355000000, 0x000002d358fc8000)
 Next Bits: [0x000002d351030000, 0x000002d354ff8000)

Polling page: 0x000002d336170000

Metaspace:

Usage:
  Non-class:     61.71 MB used.
      Class:      8.60 MB used.
       Both:     70.30 MB used.

Virtual space:
  Non-class space:       64.00 MB reserved,      62.00 MB ( 97%) committed,  1 nodes.
      Class space:        1.00 GB reserved,       8.88 MB ( <1%) committed,  1 nodes.
             Both:        1.06 GB reserved,      70.88 MB (  7%) committed. 

Chunk freelists:
   Non-Class:  1.26 MB
       Class:  3.17 MB
        Both:  4.43 MB

MaxMetaspaceSize: unlimited
CompressedClassSpaceSize: 1.00 GB
Initial GC threshold: 21.00 MB
Current GC threshold: 98.56 MB
CDS: on
MetaspaceReclaimPolicy: balanced
 - commit_granule_bytes: 65536.
 - commit_granule_words: 8192.
 - virtual_space_node_default_size: 8388608.
 - enlarge_chunks_in_place: 1.
 - new_chunks_are_fully_committed: 0.
 - uncommit_free_chunks: 1.
 - use_allocation_guard: 0.


Internal statistics:

num_allocs_failed_limit: 9.
num_arena_births: 814.
num_arena_deaths: 0.
num_vsnodes_births: 2.
num_vsnodes_deaths: 0.
num_space_committed: 1134.
num_space_uncommitted: 0.
num_chunks_returned_to_freelist: 9.
num_chunks_taken_from_freelist: 3251.
num_chunk_merges: 6.
num_chunk_splits: 2414.
num_chunks_enlarged: 1990.
num_inconsistent_stats: 0.

CodeHeap 'non-profiled nmethods': size=120000Kb used=3941Kb max_used=3941Kb free=116058Kb
 bounds [0x000002d347db0000, 0x000002d348190000, 0x000002d34f2e0000]
CodeHeap 'profiled nmethods': size=120000Kb used=12822Kb max_used=12822Kb free=107177Kb
 bounds [0x000002d3402e0000, 0x000002d340f70000, 0x000002d347810000]
CodeHeap 'non-nmethods': size=5760Kb used=1834Kb max_used=1907Kb free=3925Kb
 bounds [0x000002d347810000, 0x000002d347a80000, 0x000002d347db0000]
 total_blobs=7235 nmethods=6384 adapters=761
 compilation: enabled
              stopped_count=0, restarted_count=0
 full_count=0

Compilation events (20 events):
Event: 53.960 Thread 0x000002d36076c6a0 7207   !   3       org.thymeleaf.processor.element.AbstractElementTagProcessor::process (129 bytes)
Event: 53.961 Thread 0x000002d36076c6a0 nmethod 7207 0x000002d340f50090 code [0x000002d340f50380, 0x000002d340f51798]
Event: 53.961 Thread 0x000002d36076c6a0 7204   !   3       org.springframework.expression.spel.support.ReflectivePropertyAccessor$OptimalPropertyAccessor::read (168 bytes)
Event: 53.968 Thread 0x000002d36076c6a0 nmethod 7204 0x000002d340f51d10 code [0x000002d340f527e0, 0x000002d340f595f8]
Event: 53.968 Thread 0x000002d36076c6a0 7202       3       org.springframework.core.convert.support.GenericConversionService$ConverterCacheKey::hashCode (19 bytes)
Event: 53.968 Thread 0x000002d36076c6a0 nmethod 7202 0x000002d340f5d490 code [0x000002d340f5d660, 0x000002d340f5dc18]
Event: 53.968 Thread 0x000002d36076c6a0 7205       3       org.springframework.expression.spel.support.ReflectivePropertyAccessor$OptimalPropertyAccessor::getPropertyType (32 bytes)
Event: 53.969 Thread 0x000002d36076c6a0 nmethod 7205 0x000002d340f5de10 code [0x000002d340f5dfe0, 0x000002d340f5e498]
Event: 53.969 Thread 0x000002d36076c6a0 7212       3       org.springframework.expression.spel.ast.PropertyOrFieldReference::getValueRef (24 bytes)
Event: 53.969 Thread 0x000002d36076c6a0 nmethod 7212 0x000002d340f5e590 code [0x000002d340f5e7a0, 0x000002d340f5efb8]
Event: 53.969 Thread 0x000002d36076c6a0 7208   !   3       org.thymeleaf.processor.element.AbstractAttributeTagProcessor::doProcess (267 bytes)
Event: 53.970 Thread 0x000002d36076c6a0 nmethod 7208 0x000002d340f5f210 code [0x000002d340f5f640, 0x000002d340f61c68]
Event: 53.970 Thread 0x000002d36076c6a0 7209       3       org.thymeleaf.engine.AbstractProcessableElementTag::getAttributeValue (37 bytes)
Event: 53.970 Thread 0x000002d36076c6a0 nmethod 7209 0x000002d340f62a90 code [0x000002d340f62c80, 0x000002d340f63138]
Event: 53.970 Thread 0x000002d36076c6a0 7210       3       org.thymeleaf.util.EscapedAttributeUtils::unescapeAttribute (114 bytes)
Event: 53.971 Thread 0x000002d36076c6a0 nmethod 7210 0x000002d340f63310 code [0x000002d340f63620, 0x000002d340f64418]
Event: 53.971 Thread 0x000002d36076c6a0 7211       3       org.unbescape.html.HtmlEscape::unescapeHtml (22 bytes)
Event: 53.971 Thread 0x000002d36076c6a0 nmethod 7211 0x000002d340f64910 code [0x000002d340f64b00, 0x000002d340f64f88]
Event: 53.971 Thread 0x000002d36076c6a0 7213       3       org.apache.catalina.connector.Request::removeAttribute (65 bytes)
Event: 53.971 Thread 0x000002d36076c6a0 nmethod 7213 0x000002d340f65110 code [0x000002d340f65320, 0x000002d340f65918]

GC Heap History (20 events):
Event: 2.240 GC heap before
{Heap before GC invocations=6 (full 0):
 garbage-first heap   total 61440K, used 36244K [0x0000000700e00000, 0x0000000800000000)
  region size 2048K, 12 young (24576K), 1 survivors (2048K)
 Metaspace       used 29776K, committed 30016K, reserved 1114112K
  class space    used 3416K, committed 3520K, reserved 1048576K
}
Event: 2.243 GC heap after
{Heap after GC invocations=7 (full 0):
 garbage-first heap   total 61440K, used 16779K [0x0000000700e00000, 0x0000000800000000)
  region size 2048K, 1 young (2048K), 1 survivors (2048K)
 Metaspace       used 29776K, committed 30016K, reserved 1114112K
  class space    used 3416K, committed 3520K, reserved 1048576K
}
Event: 2.772 GC heap before
{Heap before GC invocations=7 (full 0):
 garbage-first heap   total 61440K, used 41355K [0x0000000700e00000, 0x0000000800000000)
  region size 2048K, 13 young (26624K), 1 survivors (2048K)
 Metaspace       used 35475K, committed 35840K, reserved 1114112K
  class space    used 4128K, committed 4288K, reserved 1048576K
}
Event: 2.777 GC heap after
{Heap after GC invocations=8 (full 0):
 garbage-first heap   total 61440K, used 19326K [0x0000000700e00000, 0x0000000800000000)
  region size 2048K, 2 young (4096K), 2 survivors (4096K)
 Metaspace       used 35475K, committed 35840K, reserved 1114112K
  class space    used 4128K, committed 4288K, reserved 1048576K
}
Event: 2.819 GC heap before
{Heap before GC invocations=8 (full 0):
 garbage-first heap   total 61440K, used 21374K [0x0000000700e00000, 0x0000000800000000)
  region size 2048K, 4 young (8192K), 2 survivors (4096K)
 Metaspace       used 35808K, committed 36160K, reserved 1114112K
  class space    used 4168K, committed 4352K, reserved 1048576K
}
Event: 2.825 GC heap after
{Heap after GC invocations=9 (full 0):
 garbage-first heap   total 161792K, used 20052K [0x0000000700e00000, 0x0000000800000000)
  region size 2048K, 1 young (2048K), 1 survivors (2048K)
 Metaspace       used 35808K, committed 36160K, reserved 1114112K
  class space    used 4168K, committed 4352K, reserved 1048576K
}
Event: 3.907 GC heap before
{Heap before GC invocations=10 (full 0):
 garbage-first heap   total 81920K, used 67156K [0x0000000700e00000, 0x0000000800000000)
  region size 2048K, 24 young (49152K), 1 survivors (2048K)
 Metaspace       used 51283K, committed 51584K, reserved 1114112K
  class space    used 6295K, committed 6464K, reserved 1048576K
}
Event: 3.910 GC heap after
{Heap after GC invocations=11 (full 0):
 garbage-first heap   total 81920K, used 23750K [0x0000000700e00000, 0x0000000800000000)
  region size 2048K, 3 young (6144K), 3 survivors (6144K)
 Metaspace       used 51283K, committed 51584K, reserved 1114112K
  class space    used 6295K, committed 6464K, reserved 1048576K
}
Event: 3.934 GC heap before
{Heap before GC invocations=11 (full 0):
 garbage-first heap   total 81920K, used 25798K [0x0000000700e00000, 0x0000000800000000)
  region size 2048K, 4 young (8192K), 3 survivors (6144K)
 Metaspace       used 51557K, committed 51904K, reserved 1114112K
  class space    used 6333K, committed 6464K, reserved 1048576K
}
Event: 3.937 GC heap after
{Heap after GC invocations=12 (full 0):
 garbage-first heap   total 81920K, used 24321K [0x0000000700e00000, 0x0000000800000000)
  region size 2048K, 1 young (2048K), 1 survivors (2048K)
 Metaspace       used 51557K, committed 51904K, reserved 1114112K
  class space    used 6333K, committed 6464K, reserved 1048576K
}
Event: 4.515 GC heap before
{Heap before GC invocations=12 (full 0):
 garbage-first heap   total 81920K, used 57089K [0x0000000700e00000, 0x0000000800000000)
  region size 2048K, 18 young (36864K), 1 survivors (2048K)
 Metaspace       used 59785K, committed 60224K, reserved 1114112K
  class space    used 7357K, committed 7552K, reserved 1048576K
}
Event: 4.518 GC heap after
{Heap after GC invocations=13 (full 0):
 garbage-first heap   total 81920K, used 26441K [0x0000000700e00000, 0x0000000800000000)
  region size 2048K, 2 young (4096K), 2 survivors (4096K)
 Metaspace       used 59785K, committed 60224K, reserved 1114112K
  class space    used 7357K, committed 7552K, reserved 1048576K
}
Event: 4.615 GC heap before
{Heap before GC invocations=13 (full 0):
 garbage-first heap   total 81920K, used 38729K [0x0000000700e00000, 0x0000000800000000)
  region size 2048K, 9 young (18432K), 2 survivors (4096K)
 Metaspace       used 60135K, committed 60480K, reserved 1114112K
  class space    used 7392K, committed 7552K, reserved 1048576K
}
Event: 4.618 GC heap after
{Heap after GC invocations=14 (full 0):
 garbage-first heap   total 81920K, used 27219K [0x0000000700e00000, 0x0000000800000000)
  region size 2048K, 2 young (4096K), 2 survivors (4096K)
 Metaspace       used 60135K, committed 60480K, reserved 1114112K
  class space    used 7392K, committed 7552K, reserved 1048576K
}
Event: 8.347 GC heap before
{Heap before GC invocations=15 (full 0):
 garbage-first heap   total 81920K, used 62035K [0x0000000700e00000, 0x0000000800000000)
  region size 2048K, 19 young (38912K), 2 survivors (4096K)
 Metaspace       used 64362K, committed 64832K, reserved 1114112K
  class space    used 7954K, committed 8192K, reserved 1048576K
}
Event: 8.351 GC heap after
{Heap after GC invocations=16 (full 0):
 garbage-first heap   total 81920K, used 30416K [0x0000000700e00000, 0x0000000800000000)
  region size 2048K, 3 young (6144K), 3 survivors (6144K)
 Metaspace       used 64362K, committed 64832K, reserved 1114112K
  class space    used 7954K, committed 8192K, reserved 1048576K
}
Event: 8.403 GC heap before
{Heap before GC invocations=16 (full 0):
 garbage-first heap   total 81920K, used 32464K [0x0000000700e00000, 0x0000000800000000)
  region size 2048K, 4 young (8192K), 3 survivors (6144K)
 Metaspace       used 64912K, committed 65344K, reserved 1114112K
  class space    used 8031K, committed 8256K, reserved 1048576K
}
Event: 8.407 GC heap after
{Heap after GC invocations=17 (full 0):
 garbage-first heap   total 81920K, used 30555K [0x0000000700e00000, 0x0000000800000000)
  region size 2048K, 1 young (2048K), 1 survivors (2048K)
 Metaspace       used 64912K, committed 65344K, reserved 1114112K
  class space    used 8031K, committed 8256K, reserved 1048576K
}
Event: 53.596 GC heap before
{Heap before GC invocations=17 (full 0):
 garbage-first heap   total 81920K, used 59227K [0x0000000700e00000, 0x0000000800000000)
  region size 2048K, 16 young (32768K), 1 survivors (2048K)
 Metaspace       used 71851K, committed 72448K, reserved 1114112K
  class space    used 8802K, committed 9088K, reserved 1048576K
}
Event: 53.599 GC heap after
{Heap after GC invocations=18 (full 0):
 garbage-first heap   total 81920K, used 35036K [0x0000000700e00000, 0x0000000800000000)
  region size 2048K, 2 young (4096K), 2 survivors (4096K)
 Metaspace       used 71851K, committed 72448K, reserved 1114112K
  class space    used 8802K, committed 9088K, reserved 1048576K
}

Dll operation events (14 events):
Event: 0.008 Loaded shared library C:\Program Files\Java\jdk-19\bin\java.dll
Event: 0.016 Loaded shared library C:\Program Files\Java\jdk-19\bin\jsvml.dll
Event: 0.108 Loaded shared library C:\Program Files\Java\jdk-19\bin\zip.dll
Event: 0.110 Loaded shared library C:\Program Files\Java\jdk-19\bin\instrument.dll
Event: 0.115 Loaded shared library C:\Program Files\Java\jdk-19\bin\net.dll
Event: 0.117 Loaded shared library C:\Program Files\Java\jdk-19\bin\nio.dll
Event: 0.118 Loaded shared library C:\Program Files\Java\jdk-19\bin\zip.dll
Event: 0.188 Loaded shared library C:\Program Files\JetBrains\IntelliJ IDEA Community Edition 2022.3.2\bin\breakgen64.dll
Event: 0.199 Loaded shared library C:\Program Files\Java\jdk-19\bin\extnet.dll
Event: 0.217 Loaded shared library C:\Program Files\Java\jdk-19\bin\verify.dll
Event: 0.222 Loaded shared library C:\Program Files\Java\jdk-19\bin\jimage.dll
Event: 0.734 Loaded shared library C:\Program Files\Java\jdk-19\bin\management.dll
Event: 0.736 Loaded shared library C:\Program Files\Java\jdk-19\bin\management_ext.dll
Event: 2.828 Loaded shared library C:\Program Files\Java\jdk-19\bin\sunmscapi.dll

Deoptimization events (20 events):
Event: 9.110 Thread 0x000002d36437a790 DEOPT PACKING pc=0x000002d347fd2470 sp=0x000000e4d47fced0
Event: 9.110 Thread 0x000002d36437e200 DEOPT PACKING pc=0x000002d347fd2470 sp=0x000000e4d45fcf30
Event: 9.110 Thread 0x000002d36437a790 DEOPT UNPACKING pc=0x000002d347876da3 sp=0x000000e4d47fce28 mode 2
Event: 9.110 Thread 0x000002d36437e200 DEOPT UNPACKING pc=0x000002d347876da3 sp=0x000000e4d45fce88 mode 2
Event: 9.127 Thread 0x000002d36437e200 Uncommon trap: trap_request=0xffffff45 fr.pc=0x000002d347fcf97c relative=0x00000000000000dc
Event: 9.127 Thread 0x000002d36437a790 Uncommon trap: trap_request=0xffffff45 fr.pc=0x000002d347fcf97c relative=0x00000000000000dc
Event: 9.127 Thread 0x000002d36437e200 Uncommon trap: reason=unstable_if action=reinterpret pc=0x000002d347fcf97c method=java.lang.Class.annotationData()Ljava/lang/Class$AnnotationData; @ 36 c2
Event: 9.127 Thread 0x000002d36437a790 Uncommon trap: reason=unstable_if action=reinterpret pc=0x000002d347fcf97c method=java.lang.Class.annotationData()Ljava/lang/Class$AnnotationData; @ 36 c2
Event: 9.127 Thread 0x000002d36437e200 DEOPT PACKING pc=0x000002d347fcf97c sp=0x000000e4d45fcb20
Event: 9.127 Thread 0x000002d36437a790 DEOPT PACKING pc=0x000002d347fcf97c sp=0x000000e4d47fcac0
Event: 9.127 Thread 0x000002d36437e200 DEOPT UNPACKING pc=0x000002d347876da3 sp=0x000000e4d45fcad0 mode 2
Event: 9.127 Thread 0x000002d36437a790 DEOPT UNPACKING pc=0x000002d347876da3 sp=0x000000e4d47fca70 mode 2
Event: 9.131 Thread 0x000002d36437e200 Uncommon trap: trap_request=0xffffff45 fr.pc=0x000002d347f726f4 relative=0x0000000000000414
Event: 9.131 Thread 0x000002d36437e200 Uncommon trap: reason=unstable_if action=reinterpret pc=0x000002d347f726f4 method=java.lang.reflect.Executable.declaredAnnotations()Ljava/util/Map; @ 19 c2
Event: 9.131 Thread 0x000002d36437e200 DEOPT PACKING pc=0x000002d347f726f4 sp=0x000000e4d45fcc40
Event: 9.131 Thread 0x000002d36437e200 DEOPT UNPACKING pc=0x000002d347876da3 sp=0x000000e4d45fcbe8 mode 2
Event: 9.247 Thread 0x000002d36437c220 Uncommon trap: trap_request=0xffffff45 fr.pc=0x000002d34815178c relative=0x00000000000000ec
Event: 9.247 Thread 0x000002d36437c220 Uncommon trap: reason=unstable_if action=reinterpret pc=0x000002d34815178c method=java.util.BitSet.get(I)Z @ 60 c2
Event: 9.247 Thread 0x000002d36437c220 DEOPT PACKING pc=0x000002d34815178c sp=0x000000e4d4afd5a0
Event: 9.247 Thread 0x000002d36437c220 DEOPT UNPACKING pc=0x000002d347876da3 sp=0x000000e4d4afd538 mode 2

Classes loaded (20 events):
Event: 8.734 Loading class java/io/PrintWriter$1
Event: 8.734 Loading class jdk/internal/access/JavaIOPrintWriterAccess
Event: 8.734 Loading class jdk/internal/access/JavaIOPrintWriterAccess done
Event: 8.735 Loading class java/io/PrintWriter$1 done
Event: 8.905 Loading class java/nio/StringCharBuffer
Event: 8.905 Loading class java/nio/StringCharBuffer done
Event: 9.047 Loading class java/util/ArrayList$SubList$2
Event: 9.047 Loading class java/util/ArrayList$SubList$2 done
Event: 9.057 Loading class java/time/format/DateTimeFormatterBuilder$ZoneTextPrinterParser
Event: 9.058 Loading class java/time/format/DateTimeFormatterBuilder$ZoneTextPrinterParser done
Event: 9.058 Loading class java/time/format/DateTimeFormatterBuilder$ReducedPrinterParser
Event: 9.058 Loading class java/time/format/DateTimeFormatterBuilder$ReducedPrinterParser done
Event: 9.099 Loading class java/util/concurrent/atomic/AtomicReferenceArray
Event: 9.099 Loading class java/util/concurrent/atomic/AtomicReferenceArray done
Event: 9.099 Loading class java/lang/invoke/VarHandleReferences$Array
Event: 9.099 Loading class java/lang/invoke/VarHandleReferences$Array done
Event: 9.238 Loading class java/lang/ObjectCustomizer
Event: 9.238 Loading class java/lang/ObjectCustomizer done
Event: 9.239 Loading class java/lang/ObjectCustomizer
Event: 9.239 Loading class java/lang/ObjectCustomizer done

Classes unloaded (0 events):
No events

Classes redefined (0 events):
No events

Internal exceptions (20 events):
Event: 8.649 Thread 0x000002d36437fc90 Exception <a 'java/lang/NoSuchMethodError'{0x0000000705049870}: 'java.lang.Object java.lang.invoke.DelegatingMethodHandle$Holder.reinvoke_L(java.lang.Object, java.lang.Object, java.lang.Object, java.lang.Object, int)'> (0x0000000705049870) 
thrown [s\open\src\hotspot\share\interpreter\linkResolver.cpp, line 774]
Event: 8.650 Thread 0x000002d36437fc90 Exception <a 'java/lang/NoSuchMethodError'{0x000000070505b620}: 'java.lang.Object java.lang.invoke.DelegatingMethodHandle$Holder.delegate(java.lang.Object, java.lang.Object, java.lang.Object, java.lang.Object, java.lang.Object, java.lang.Object, int)'> (0x000000070505b620) 
thrown [s\open\src\hotspot\share\interpreter\linkResolver.cpp, line 774]
Event: 8.657 Thread 0x000002d36437fc90 Exception <a 'java/lang/ClassNotFoundException'{0x00000007050d2790}: nz/net/ultraq/thymeleaf/layoutdialect/includes/IncludeProcessorBeanInfo> (0x00000007050d2790) 
thrown [s\open\src\hotspot\share\classfile\systemDictionary.cpp, line 255]
Event: 8.657 Thread 0x000002d36437fc90 Exception <a 'java/lang/ClassNotFoundException'{0x00000007050d7de0}: nz/net/ultraq/thymeleaf/layoutdialect/includes/IncludeProcessorCustomizer> (0x00000007050d7de0) 
thrown [s\open\src\hotspot\share\classfile\systemDictionary.cpp, line 255]
Event: 8.660 Thread 0x000002d36437fc90 Exception <a 'java/lang/ClassNotFoundException'{0x00000007050f01f8}: nz/net/ultraq/thymeleaf/layoutdialect/PojoLoggerFactoryBeanInfo> (0x00000007050f01f8) 
thrown [s\open\src\hotspot\share\classfile\systemDictionary.cpp, line 255]
Event: 8.661 Thread 0x000002d36437fc90 Exception <a 'java/lang/ClassNotFoundException'{0x00000007050f5850}: nz/net/ultraq/thymeleaf/layoutdialect/PojoLoggerFactoryCustomizer> (0x00000007050f5850) 
thrown [s\open\src\hotspot\share\classfile\systemDictionary.cpp, line 255]
Event: 8.668 Thread 0x000002d36437fc90 Exception <a 'java/lang/ClassNotFoundException'{0x0000000705149db8}: nz/net/ultraq/thymeleaf/layoutdialect/includes/InsertProcessorBeanInfo> (0x0000000705149db8) 
thrown [s\open\src\hotspot\share\classfile\systemDictionary.cpp, line 255]
Event: 8.668 Thread 0x000002d36437fc90 Exception <a 'java/lang/ClassNotFoundException'{0x000000070514f3f0}: nz/net/ultraq/thymeleaf/layoutdialect/includes/InsertProcessorCustomizer> (0x000000070514f3f0) 
thrown [s\open\src\hotspot\share\classfile\systemDictionary.cpp, line 255]
Event: 8.673 Thread 0x000002d36437fc90 Exception <a 'java/lang/ClassNotFoundException'{0x0000000705174cb0}: nz/net/ultraq/thymeleaf/layoutdialect/includes/ReplaceProcessorBeanInfo> (0x0000000705174cb0) 
thrown [s\open\src\hotspot\share\classfile\systemDictionary.cpp, line 255]
Event: 8.674 Thread 0x000002d36437fc90 Exception <a 'java/lang/ClassNotFoundException'{0x000000070517a3e0}: nz/net/ultraq/thymeleaf/layoutdialect/includes/ReplaceProcessorCustomizer> (0x000000070517a3e0) 
thrown [s\open\src\hotspot\share\classfile\systemDictionary.cpp, line 255]
Event: 8.677 Thread 0x000002d36437fc90 Exception <a 'java/lang/ClassNotFoundException'{0x000000070519f9e0}: nz/net/ultraq/thymeleaf/layoutdialect/fragments/FragmentProcessorBeanInfo> (0x000000070519f9e0) 
thrown [s\open\src\hotspot\share\classfile\systemDictionary.cpp, line 255]
Event: 8.677 Thread 0x000002d36437fc90 Exception <a 'java/lang/ClassNotFoundException'{0x00000007051a50f8}: nz/net/ultraq/thymeleaf/layoutdialect/fragments/FragmentProcessorCustomizer> (0x00000007051a50f8) 
thrown [s\open\src\hotspot\share\classfile\systemDictionary.cpp, line 255]
Event: 8.681 Thread 0x000002d36437fc90 Exception <a 'java/lang/ClassNotFoundException'{0x00000007051d5c08}: nz/net/ultraq/thymeleaf/layoutdialect/fragments/CollectFragmentProcessorBeanInfo> (0x00000007051d5c08) 
thrown [s\open\src\hotspot\share\classfile\systemDictionary.cpp, line 255]
Event: 8.682 Thread 0x000002d36437fc90 Exception <a 'java/lang/ClassNotFoundException'{0x00000007051db728}: nz/net/ultraq/thymeleaf/layoutdialect/fragments/CollectFragmentProcessorCustomizer> (0x00000007051db728) 
thrown [s\open\src\hotspot\share\classfile\systemDictionary.cpp, line 255]
Event: 8.686 Thread 0x000002d36437fc90 Exception <a 'java/lang/ClassNotFoundException'{0x0000000704e08cf8}: nz/net/ultraq/thymeleaf/layoutdialect/decorators/TitlePatternProcessorBeanInfo> (0x0000000704e08cf8) 
thrown [s\open\src\hotspot\share\classfile\systemDictionary.cpp, line 255]
Event: 8.687 Thread 0x000002d36437fc90 Exception <a 'java/lang/ClassNotFoundException'{0x0000000704e0e590}: nz/net/ultraq/thymeleaf/layoutdialect/decorators/TitlePatternProcessorCustomizer> (0x0000000704e0e590) 
thrown [s\open\src\hotspot\share\classfile\systemDictionary.cpp, line 255]
Event: 8.692 Thread 0x000002d36437fc90 Implicit null exception at 0x000002d34812a351 to 0x000002d34812a55c
Event: 9.046 Thread 0x000002d36437e200 Exception <a 'java/lang/NoSuchMethodError'{0x0000000704457958}: 'java.lang.Object java.lang.invoke.DirectMethodHandle$Holder.invokeStatic(java.lang.Object, int, int)'> (0x0000000704457958) 
thrown [s\open\src\hotspot\share\interpreter\linkResolver.cpp, line 774]
Event: 9.239 Thread 0x000002d36437c220 Exception <a 'java/lang/ClassNotFoundException'{0x0000000704136a00}: java/lang/ObjectCustomizer> (0x0000000704136a00) 
thrown [s\open\src\hotspot\share\classfile\systemDictionary.cpp, line 255]
Event: 9.241 Thread 0x000002d36437c220 Exception <a 'java/lang/ClassNotFoundException'{0x000000070414aa48}: com/example/simplespringsecurity/model/OpeningHoursCustomizer> (0x000000070414aa48) 
thrown [s\open\src\hotspot\share\classfile\systemDictionary.cpp, line 255]

VM Operations (20 events):
Event: 8.906 Executing VM operation: HandshakeAllThreads
Event: 8.906 Executing VM operation: HandshakeAllThreads done
Event: 8.924 Executing VM operation: ICBufferFull
Event: 8.924 Executing VM operation: ICBufferFull done
Event: 9.119 Executing VM operation: HandshakeAllThreads
Event: 9.120 Executing VM operation: HandshakeAllThreads done
Event: 9.120 Executing VM operation: HandshakeAllThreads
Event: 9.120 Executing VM operation: HandshakeAllThreads done
Event: 9.289 Executing VM operation: ICBufferFull
Event: 9.289 Executing VM operation: ICBufferFull done
Event: 10.293 Executing VM operation: Cleanup
Event: 10.293 Executing VM operation: Cleanup done
Event: 34.473 Executing VM operation: Cleanup
Event: 34.473 Executing VM operation: Cleanup done
Event: 43.531 Executing VM operation: Cleanup
Event: 43.532 Executing VM operation: Cleanup done
Event: 53.590 Executing VM operation: Cleanup
Event: 53.590 Executing VM operation: Cleanup done
Event: 53.596 Executing VM operation: G1CollectForAllocation
Event: 53.599 Executing VM operation: G1CollectForAllocation done

Events (20 events):
Event: 5.123 Thread 0x000002d3643801e0 Thread added: 0x000002d3643801e0
Event: 5.124 Thread 0x000002d36437c770 Thread added: 0x000002d36437c770
Event: 5.124 Thread 0x000002d36437d210 Thread added: 0x000002d36437d210
Event: 5.136 Thread 0x000002d364380730 Thread added: 0x000002d364380730
Event: 5.138 Thread 0x000002d36437d760 Thread added: 0x000002d36437d760
Event: 5.152 Thread 0x000002d3383b9cb0 Thread exited: 0x000002d3383b9cb0
Event: 5.152 Thread 0x000002d36437e750 Thread added: 0x000002d36437e750
Event: 8.280 Thread 0x000002d364df3040 Thread exited: 0x000002d364df3040
Event: 8.991 Thread 0x000002d36437dcb0 Thread exited: 0x000002d36437dcb0
Event: 9.042 Thread 0x000002d360927eb0 Thread exited: 0x000002d360927eb0
Event: 9.078 Thread 0x000002d36308c620 Thread added: 0x000002d36308c620
Event: 9.078 Thread 0x000002d363087030 Thread added: 0x000002d363087030
Event: 9.121 Thread 0x000002d360779450 flushing nmethod 0x000002d347feaa90
Event: 9.122 Thread 0x000002d360779450 flushing nmethod 0x000002d340483d90
Event: 9.122 Thread 0x000002d360779450 flushing nmethod 0x000002d3404cc910
Event: 9.123 Thread 0x000002d360779450 flushing nmethod 0x000002d3405b5510
Event: 9.123 Thread 0x000002d360779450 flushing nmethod 0x000002d34064cc10
Event: 9.124 Thread 0x000002d360779450 flushing nmethod 0x000002d340785110
Event: 14.339 Thread 0x000002d36308c620 Thread exited: 0x000002d36308c620
Event: 14.339 Thread 0x000002d363087030 Thread exited: 0x000002d363087030


Dynamic libraries:
0x00007ff72b910000 - 0x00007ff72b920000 	C:\Program Files\Java\jdk-19\bin\java.exe
0x00007ffdded30000 - 0x00007ffddef28000 	C:\WINDOWS\SYSTEM32\ntdll.dll
0x00007ffddd050000 - 0x00007ffddd10d000 	C:\WINDOWS\System32\KERNEL32.DLL
0x00007ffddc480000 - 0x00007ffddc776000 	C:\WINDOWS\System32\KERNELBASE.dll
0x00007ffddca30000 - 0x00007ffddcb30000 	C:\WINDOWS\System32\ucrtbase.dll
0x00007ffdd3350000 - 0x00007ffdd3368000 	C:\Program Files\Java\jdk-19\bin\jli.dll
0x00007ffddda80000 - 0x00007ffdddb33000 	C:\WINDOWS\System32\ADVAPI32.dll
0x00007ffddd970000 - 0x00007ffddda0e000 	C:\WINDOWS\System32\msvcrt.dll
0x00007ffddcd80000 - 0x00007ffddce1f000 	C:\WINDOWS\System32\sechost.dll
0x00007ffddd840000 - 0x00007ffddd966000 	C:\WINDOWS\System32\RPCRT4.dll
0x00007ffddc400000 - 0x00007ffddc427000 	C:\WINDOWS\System32\bcrypt.dll
0x00007ffddd590000 - 0x00007ffddd72e000 	C:\WINDOWS\System32\USER32.dll
0x00007ffddcba0000 - 0x00007ffddcbc2000 	C:\WINDOWS\System32\win32u.dll
0x00007ffdde370000 - 0x00007ffdde39c000 	C:\WINDOWS\System32\GDI32.dll
0x00007ffddcbd0000 - 0x00007ffddccea000 	C:\WINDOWS\System32\gdi32full.dll
0x00007ffddc830000 - 0x00007ffddc8cd000 	C:\WINDOWS\System32\msvcp_win.dll
0x00007ffdd1f20000 - 0x00007ffdd1f3b000 	C:\Program Files\Java\jdk-19\bin\VCRUNTIME140.dll
0x00007ffddb710000 - 0x00007ffddb9aa000 	C:\WINDOWS\WinSxS\amd64_microsoft.windows.common-controls_6595b64144ccf1df_6.0.19041.3636_none_60b6a03d71f818d5\COMCTL32.dll
0x00007ffdd2c20000 - 0x00007ffdd2c2a000 	C:\WINDOWS\SYSTEM32\VERSION.dll
0x00007ffdde9b0000 - 0x00007ffdde9e0000 	C:\WINDOWS\System32\IMM32.DLL
0x00007ffdc7820000 - 0x00007ffdc7983000 	C:\Program Files (x86)\Citrix\ICA Client\epclient64.dll
0x00007ffddd110000 - 0x00007ffddd464000 	C:\WINDOWS\System32\combase.dll
0x00007ffddc060000 - 0x00007ffddc093000 	C:\WINDOWS\SYSTEM32\ntmarta.dll
0x000002d337ab0000 - 0x000002d337b32000 	C:\WINDOWS\System32\bcryptprimitives.dll
0x00007ffdd9e00000 - 0x00007ffdd9e12000 	C:\WINDOWS\SYSTEM32\kernel.appcore.dll
0x00007ffdd6590000 - 0x00007ffdd659c000 	C:\Program Files\Java\jdk-19\bin\vcruntime140_1.dll
0x00007ffdbe9b0000 - 0x00007ffdbea3e000 	C:\Program Files\Java\jdk-19\bin\msvcp140.dll
0x00007ffda3d50000 - 0x00007ffda4a10000 	C:\Program Files\Java\jdk-19\bin\server\jvm.dll
0x00007ffdc5860000 - 0x00007ffdc5869000 	C:\WINDOWS\SYSTEM32\WSOCK32.dll
0x00007ffdde940000 - 0x00007ffdde9ab000 	C:\WINDOWS\System32\WS2_32.dll
0x00007ffdd1960000 - 0x00007ffdd1987000 	C:\WINDOWS\SYSTEM32\WINMM.dll
0x00007ffdd6540000 - 0x00007ffdd654a000 	C:\Program Files\Java\jdk-19\bin\jimage.dll
0x00007ffddbd10000 - 0x00007ffddbef4000 	C:\WINDOWS\SYSTEM32\DBGHELP.DLL
0x00007ffddbcd0000 - 0x00007ffddbd04000 	C:\WINDOWS\SYSTEM32\dbgcore.DLL
0x00007ffdd76b0000 - 0x00007ffdd76be000 	C:\Program Files\Java\jdk-19\bin\instrument.dll
0x00007ffdced90000 - 0x00007ffdcedb6000 	C:\Program Files\Java\jdk-19\bin\java.dll
0x00007ffdbbf90000 - 0x00007ffdbc067000 	C:\Program Files\Java\jdk-19\bin\jsvml.dll
0x000002d360000000 - 0x000002d360745000 	C:\WINDOWS\System32\SHELL32.dll
0x00007ffdd9e20000 - 0x00007ffdda5bb000 	C:\WINDOWS\SYSTEM32\windows.storage.dll
0x00007ffddb4d0000 - 0x00007ffddb4fd000 	C:\WINDOWS\SYSTEM32\Wldp.dll
0x000002d35bc70000 - 0x000002d35bd1d000 	C:\WINDOWS\System32\SHCORE.dll
0x000002d35bd20000 - 0x000002d35bd75000 	C:\WINDOWS\System32\shlwapi.dll
0x00007ffddc330000 - 0x00007ffddc355000 	C:\WINDOWS\SYSTEM32\profapi.dll
0x00007ffdceaf0000 - 0x00007ffdceb08000 	C:\Program Files\Java\jdk-19\bin\zip.dll
0x00007ffdd1eb0000 - 0x00007ffdd1ec3000 	C:\Program Files\Java\jdk-19\bin\net.dll
0x00007ffdd4740000 - 0x00007ffdd484a000 	C:\WINDOWS\SYSTEM32\WINHTTP.dll
0x00007ffddb340000 - 0x00007ffddb3aa000 	C:\WINDOWS\system32\mswsock.dll
0x00007ffdced70000 - 0x00007ffdced86000 	C:\Program Files\Java\jdk-19\bin\nio.dll
0x00007ffdd66e0000 - 0x00007ffdd66fa000 	C:\Program Files\JetBrains\IntelliJ IDEA Community Edition 2022.3.2\bin\breakgen64.dll
0x00007ffdd64d0000 - 0x00007ffdd64d8000 	C:\Program Files\Java\jdk-19\bin\extnet.dll
0x00007ffdd6700000 - 0x00007ffdd6710000 	C:\Program Files\Java\jdk-19\bin\verify.dll
0x00007ffdd76c0000 - 0x00007ffdd76ca000 	C:\Program Files\Java\jdk-19\bin\management.dll
0x00007ffdd65a0000 - 0x00007ffdd65ab000 	C:\Program Files\Java\jdk-19\bin\management_ext.dll
0x000002d3361c0000 - 0x000002d3361c8000 	C:\WINDOWS\System32\PSAPI.DLL
0x00007ffdbf2a0000 - 0x00007ffdbf2b7000 	C:\WINDOWS\system32\napinsp.dll
0x00007ffdbf5a0000 - 0x00007ffdbf5bb000 	C:\WINDOWS\system32\pnrpnsp.dll
0x00007ffdd6970000 - 0x00007ffdd6985000 	C:\WINDOWS\system32\wshbth.dll
0x00007ffdd7260000 - 0x00007ffdd727d000 	C:\WINDOWS\system32\NLAapi.dll
0x00007ffddb0c0000 - 0x00007ffddb0fb000 	C:\WINDOWS\SYSTEM32\IPHLPAPI.DLL
0x00007ffddb100000 - 0x00007ffddb1ca000 	C:\WINDOWS\SYSTEM32\DNSAPI.dll
0x000002d338310000 - 0x000002d338318000 	C:\WINDOWS\System32\NSI.dll
0x00007ffdbf410000 - 0x00007ffdbf422000 	C:\WINDOWS\System32\winrnr.dll
0x00007ffdccad0000 - 0x00007ffdccada000 	C:\Windows\System32\rasadhlp.dll
0x00007ffdcc9f0000 - 0x00007ffdcca70000 	C:\WINDOWS\System32\fwpuclnt.dll
0x00007ffddc0a0000 - 0x00007ffddc0b8000 	C:\WINDOWS\SYSTEM32\CRYPTSP.dll
0x00007ffddad60000 - 0x00007ffddad94000 	C:\WINDOWS\system32\rsaenh.dll
0x00007ffddc2b0000 - 0x00007ffddc2de000 	C:\WINDOWS\SYSTEM32\USERENV.dll
0x00007ffddb5d0000 - 0x00007ffddb5dc000 	C:\WINDOWS\SYSTEM32\CRYPTBASE.dll
0x00007ffdd4c20000 - 0x00007ffdd4c37000 	C:\WINDOWS\SYSTEM32\dhcpcsvc6.DLL
0x00007ffdd5750000 - 0x00007ffdd576d000 	C:\WINDOWS\SYSTEM32\dhcpcsvc.DLL
0x00007ffdd75e0000 - 0x00007ffdd75ee000 	C:\Program Files\Java\jdk-19\bin\sunmscapi.dll
0x00007ffddc8d0000 - 0x00007ffddca2d000 	C:\WINDOWS\System32\CRYPT32.dll
0x00007ffddb6b0000 - 0x00007ffddb6d8000 	C:\WINDOWS\SYSTEM32\ncrypt.dll
0x00007ffddb650000 - 0x00007ffddb68b000 	C:\WINDOWS\SYSTEM32\NTASN1.dll
0x00007ffdd6650000 - 0x00007ffdd6657000 	C:\WINDOWS\system32\wshunix.dll

dbghelp: loaded successfully - version: 4.0.5 - missing functions: none
symbol engine: initialized successfully - sym options: 0x614 - pdb path: .;C:\Program Files\Java\jdk-19\bin;C:\WINDOWS\SYSTEM32;C:\WINDOWS\WinSxS\amd64_microsoft.windows.common-controls_6595b64144ccf1df_6.0.19041.3636_none_60b6a03d71f818d5;C:\Program Files (x86)\Citrix\ICA Client;C:\Program Files\Java\jdk-19\bin\server;C:\Program Files\JetBrains\IntelliJ IDEA Community Edition 2022.3.2\bin

VM Arguments:
jvm_args: -javaagent:C:\Program Files\JetBrains\IntelliJ IDEA Community Edition 2022.3.2\lib\idea_rt.jar=52722:C:\Program Files\JetBrains\IntelliJ IDEA Community Edition 2022.3.2\bin -Dfile.encoding=UTF-8 -Dsun.stdout.encoding=UTF-8 -Dsun.stderr.encoding=UTF-8 
java_command: com.example.simplespringsecurity.SimplespringsecurityApplicationKt
java_class_path (initial): C:\Users\R4FC0M\Downloads\simplespringsecurity\target\classes;C:\Users\R4FC0M\.m2\repository\org\springframework\boot\spring-boot-starter-data-jpa\2.7.4\spring-boot-starter-data-jpa-2.7.4.jar;C:\Users\R4FC0M\.m2\repository\org\springframework\boot\spring-boot-starter-aop\2.7.4\spring-boot-starter-aop-2.7.4.jar;C:\Users\R4FC0M\.m2\repository\org\springframework\spring-aop\5.3.23\spring-aop-5.3.23.jar;C:\Users\R4FC0M\.m2\repository\org\aspectj\aspectjweaver\1.9.7\aspectjweaver-1.9.7.jar;C:\Users\R4FC0M\.m2\repository\org\springframework\boot\spring-boot-starter-jdbc\2.7.4\spring-boot-starter-jdbc-2.7.4.jar;C:\Users\R4FC0M\.m2\repository\com\zaxxer\HikariCP\4.0.3\HikariCP-4.0.3.jar;C:\Users\R4FC0M\.m2\repository\org\springframework\spring-jdbc\5.3.23\spring-jdbc-5.3.23.jar;C:\Users\R4FC0M\.m2\repository\jakarta\transaction\jakarta.transaction-api\1.3.3\jakarta.transaction-api-1.3.3.jar;C:\Users\R4FC0M\.m2\repository\jakarta\persistence\jakarta.persistence-api\2.2.3\jakarta.persistence-api-2.2.3.jar;C:\Users\R4FC0M\.m2\repository\org\hibernate\hibernate-core\5.6.11.Final\hibernate-core-5.6.11.Final.jar;C:\Users\R4FC0M\.m2\repository\org\jboss\logging\jboss-logging\3.4.3.Final\jboss-logging-3.4.3.Final.jar;C:\Users\R4FC0M\.m2\repository\net\bytebuddy\byte-buddy\1.12.17\byte-buddy-1.12.17.jar;C:\Users\R4FC0M\.m2\repository\antlr\antlr\2.7.7\antlr-2.7.7.jar;C:\Users\R4FC0M\.m2\repository\org\jboss\jandex\2.4.2.Final\jandex-2.4.2.Final.jar;C:\Users\R4FC0M\.m2\repository\com\fasterxml\classmate\1.5.1\classmate-1.5.1.jar;C:\Users\R4FC0M\.m2\repository\org\hibernate\common\hibernate-commons-annotations\5.1.2.Final\hibernate-commons-annotations-5.1.2.Final.jar;C:\Users\R4FC0M\.m2\repository\org\glassfish\jaxb\jaxb-runtime\2.3.6\jaxb-runtime-2.3.6.jar;C:\Users\R4FC0M\.m2\repository\org\glassfish\jaxb\txw2\2.3.6\txw2-2.3.6.jar;C:\Users\R4FC0M\.m2\repository\com\sun\istack\istack-commons-runtime\3.0.12\istack-commons-runtime-3.0.12.jar;C:\Users\R4FC0M\.m2\repository\com\sun\activation\jakarta.activation\1.2.2\jakarta.activation-1.2.2.jar;C:\Users\R4FC0M\.m2\repository\org\springframework\data\spring-data-jpa\2.7.3\spring-data-jpa-2.7.3.jar;C:\Users\R4FC0M\.m2\repository\org\springframework\data\spring-data-commons\2.7.3\spring-data-commons-2.7.3.jar;C:\Users\R4FC0M\.m2\repository\org\springframework\spring-orm\5.3.23\spring-orm-5.3.23.jar;C:\Users\R4FC0M\.m2\repository\org\springframework\spring-context\5.3.23\spring-context-5.3.23.jar;C:\Users\R4FC0M\.m2\repository\org\springframework\spring-tx\5.3.23\spring-tx-5.3.23.jar;C:\Users\R4FC0M\.m2\repository\org\springframework\spring-beans\5.3.23\spring-beans-5.3.23.jar;C:\Users\R4FC0M\.m2\repository\org\springframework\spring-aspects\5.3.23\spring-aspects-5.3.23.jar;C:\Users\R4FC0M\.m2\repository\org\springframework\boot\spring-boot-starter-thymeleaf\2.7.4\spring-boot-starter-thymeleaf-2.7.4.jar;C:\Users\R4FC0M\.m2\repository\org\springframework\boot\spring-boot-starter\2.7.4\spring-boot-starter-2.7.4.jar;C:\Users\R4FC0M\.m2\repository\org\springframework\boot\spring-boot\2.7.4\spring-boot-2.7.4.jar;C:\Users\R4FC0M\.m2\repository\org\springframework\boot\spring-boot-autoconfigure\2.7.4\spring-boot-autoconfigure-2.7.4.jar;C:\Users\R4FC0M\.m2\repository\org\springframework\boot\spring-boot-starter-logging\2.7.4\spring-boot-starter-logging-2.7.4.jar;C:\Users\R4FC0M\.m2\repository\ch\qos\logback\logback-classic\1.2.11\logback-classic-1.2.11.jar;C:\Users\R4FC0M\.m2\repository\ch\qos\logback\logback-core\1.2.11\logback-core-1.2.11.jar;C:\Users\R4FC0M\.m2\repository\org\apache\logging\log4j\log4j-to-slf4j\2.17.2\log4j-to-slf4j-2.17.2.jar;C:\Users\R4FC0M\.m2\repository\org\apache\logging\log4j\log4j-api\2.17.2\log4j-api-2.17.2.jar;C:\Users\R4FC0M\.m2\repository\org\slf4j\jul-to-slf4j\1.7.36\jul-to-slf4j-1.7.36.jar;C:\Users\R4FC0M\.m2\repository\jakarta\annotation\jakarta.annotation-api\1.3.5\jakarta.annotation-api-1.3.5.jar;C:\Users\R4FC0M\.m2\repository\org\yaml\snakeyaml\1.30\snakeyaml-1.30.jar;C:\Users\R4FC0M\.m2\repository\org\thymeleaf\thymeleaf-spring5\3.0.15.RELEASE\thymeleaf-spring5-3.0.15.RELEASE.jar;C:\Users\R4FC0M\.m2\repository\org\thymeleaf\extras\thymeleaf-extras-java8time\3.0.4.RELEASE\thymeleaf-extras-java8time-3.0.4.RELEASE.jar;C:\Users\R4FC0M\.m2\repository\org\springframework\boot\spring-boot-starter-web\2.7.4\spring-boot-starter-web-2.7.4.jar;C:\Users\R4FC0M\.m2\repository\org\springframework\boot\spring-boot-starter-json\2.7.4\spring-boot-starter-json-2.7.4.jar;C:\Users\R4FC0M\.m2\repository\com\fasterxml\jackson\datatype\jackson-datatype-jdk8\2.13.4\jackson-datatype-jdk8-2.13.4.jar;C:\Users\R4FC0M\.m2\repository\com\fasterxml\jackson\datatype\jackson-datatype-jsr310\2.13.4\jackson-datatype-jsr310-2.13.4.jar;C:\Users\R4FC0M\.m2\repository\com\fasterxml\jackson\module\jackson-module-parameter-names\2.13.4\jackson-module-parameter-names-2.13.4.jar;C:\Users\R4FC0M\.m2\repository\org\springframework\boot\spring-boot-starter-tomcat\2.7.4\spring-boot-starter-tomcat-2.7.4.jar;C:\Users\R4FC0M\.m2\repository\org\apache\tomcat\embed\tomcat-embed-core\9.0.65\tomcat-embed-core-9.0.65.jar;C:\Users\R4FC0M\.m2\repository\org\apache\tomcat\embed\tomcat-embed-el\9.0.65\tomcat-embed-el-9.0.65.jar;C:\Users\R4FC0M\.m2\repository\org\apache\tomcat\embed\tomcat-embed-websocket\9.0.65\tomcat-embed-websocket-9.0.65.jar;C:\Users\R4FC0M\.m2\repository\org\springframework\spring-web\5.3.23\spring-web-5.3.23.jar;C:\Users\R4FC0M\.m2\repository\org\springframework\spring-webmvc\5.3.23\spring-webmvc-5.3.23.jar;C:\Users\R4FC0M\.m2\repository\org\springframework\spring-expression\5.3.23\spring-expression-5.3.23.jar;C:\Users\R4FC0M\.m2\repository\com\fasterxml\jackson\module\jackson-module-kotlin\2.13.4\jackson-module-kotlin-2.13.4.jar;C:\Users\R4FC0M\.m2\repository\com\fasterxml\jackson\core\jackson-databind\2.13.4\jackson-databind-2.13.4.jar;C:\Users\R4FC0M\.m2\repository\com\fasterxml\jackson\core\jackson-core\2.13.4\jackson-core-2.13.4.jar;C:\Users\R4FC0M\.m2\repository\com\fasterxml\jackson\core\jackson-annotations\2.13.4\jackson-annotations-2.13.4.jar;C:\Users\R4FC0M\.m2\repository\org\jetbrains\kotlin\kotlin-reflect\1.9.22\kotlin-reflect-1.9.22.jar;C:\Users\R4FC0M\.m2\repository\org\jetbrains\kotlin\kotlin-stdlib\1.9.22\kotlin-stdlib-1.9.22.jar;C:\Users\R4FC0M\.m2\repository\org\jetbrains\annotations\13.0\annotations-13.0.jar;C:\Users\R4FC0M\.m2\repository\mysql\mysql-connector-java\8.0.23\mysql-connector-java-8.0.23.jar;C:\Users\R4FC0M\.m2\repository\jakarta\xml\bind\jakarta.xml.bind-api\2.3.3\jakarta.xml.bind-api-2.3.3.jar;C:\Users\R4FC0M\.m2\repository\jakarta\activation\jakarta.activation-api\1.2.2\jakarta.activation-api-1.2.2.jar;C:\Users\R4FC0M\.m2\repository\org\springframework\spring-core\5.3.23\spring-core-5.3.23.jar;C:\Users\R4FC0M\.m2\repository\org\springframework\spring-jcl\5.3.23\spring-jcl-5.3.23.jar;C:\Users\R4FC0M\.m2\repository\nz\net\ultraq\thymeleaf\thymeleaf-layout-dialect\3.2.1\thymeleaf-layout-dialect-3.2.1.jar;C:\Users\R4FC0M\.m2\repository\org\apache\groovy\groovy\4.0.10\groovy-4.0.10.jar;C:\Users\R4FC0M\.m2\repository\nz\net\ultraq\groovy\groovy-extensions\2.1.0\groovy-extensions-2.1.0.jar;C:\Users\R4FC0M\.m2\repository\nz\net\ultraq\thymeleaf\thymeleaf-expression-processor\3.1.1\thymeleaf-expression-processor-3.1.1.jar;C:\Users\R4FC0M\.m2\repository\org\thymeleaf\thymeleaf\3.0.15.RELEASE\thymeleaf-3.0.15.RELEASE.jar;C:\Users\R4FC0M\.m2\repository\ognl\ognl\3.1.26\ognl-3.1.26.jar;C:\Users\R4FC0M\.m2\repository\org\javassist\javassist\3.20.0-GA\javassist-3.20.0-GA.jar;C:\Users\R4FC0M\.m2\repository\org\attoparser\attoparser\2.0.5.RELEASE\attoparser-2.0.5.RELEASE.jar;C:\Users\R4FC0M\.m2\repository\org\unbescape\unbescape\1.1.6.RELEASE\unbescape-1.1.6.RELEASE.jar;C:\Users\R4FC0M\.m2\repository\org\slf4j\slf4j-api\1.7.36\slf4j-api-1.7.36.jar;C:\Users\R4FC0M\.m2\repository\org\projectlombok\lombok\1.18.28\lombok-1.18.28.jar
Launcher Type: SUN_STANDARD

[Global flags]
     intx CICompilerCount                          = 4                                         {product} {ergonomic}
     uint ConcGCThreads                            = 3                                         {product} {ergonomic}
     uint G1ConcRefinementThreads                  = 10                                        {product} {ergonomic}
   size_t G1HeapRegionSize                         = 2097152                                   {product} {ergonomic}
    uintx GCDrainStackTargetSize                   = 64                                        {product} {ergonomic}
   size_t InitialHeapSize                          = 268435456                                 {product} {ergonomic}
   size_t MarkStackSize                            = 4194304                                   {product} {ergonomic}
   size_t MaxHeapSize                              = 4280287232                                {product} {ergonomic}
   size_t MaxNewSize                               = 2566914048                                {product} {ergonomic}
   size_t MinHeapDeltaBytes                        = 2097152                                   {product} {ergonomic}
   size_t MinHeapSize                              = 8388608                                   {product} {ergonomic}
    uintx NonNMethodCodeHeapSize                   = 5839372                                {pd product} {ergonomic}
    uintx NonProfiledCodeHeapSize                  = 122909434                              {pd product} {ergonomic}
    uintx ProfiledCodeHeapSize                     = 122909434                              {pd product} {ergonomic}
    uintx ReservedCodeCacheSize                    = 251658240                              {pd product} {ergonomic}
     bool SegmentedCodeCache                       = true                                      {product} {ergonomic}
   size_t SoftMaxHeapSize                          = 4280287232                             {manageable} {ergonomic}
     bool UseCompressedClassPointers               = true                           {product lp64_product} {ergonomic}
     bool UseCompressedOops                        = true                           {product lp64_product} {ergonomic}
     bool UseG1GC                                  = true                                      {product} {ergonomic}
     bool UseLargePagesIndividualAllocation        = false                                  {pd product} {ergonomic}

Logging:
Log output configuration:
 #0: stdout all=warning uptime,level,tags foldmultilines=false
 #1: stderr all=off uptime,level,tags foldmultilines=false

Environment Variables:
PATH=C:\Program Files\Common Files\Oracle\Java\javapath;C:\Program Files (x86)\Common Files\Oracle\Java\javapath;C:\Program Files (x86)\Razer Chroma SDK\bin;C:\Program Files\Razer Chroma SDK\bin;C:\Program Files (x86)\Intel\Intel(R) Management Engine Components\iCLS\;C:\Program Files\Intel\Intel(R) Management Engine Components\iCLS\;C:\Windows\system32;C:\Windows;C:\Windows\System32\Wbem;C:\Windows\System32\WindowsPowerShell\v1.0\;C:\Windows\System32\OpenSSH\;C:\Program Files (x86)\Intel\Intel(R) Management Engine Components\DAL;C:\Program Files\Intel\Intel(R) Management Engine Components\DAL;C:\Windows\system32\config\systemprofile\AppData\Local\Microsoft\WindowsApps;C:\WINDOWS\system32;C:\WINDOWS;C:\WINDOWS\System32\Wbem;C:\WINDOWS\System32\WindowsPowerShell\v1.0\;C:\WINDOWS\System32\OpenSSH\;C:\Program Files\nodejs\;C:\Users\R4FC0M\AppData\Roaming\npm\node_modules\newman\bin;P:\node-v8.17.0-win-x64\node_modules\npm;C:\Program Files\Git\cmd;C:\Users\R4FC0M\Downloads\apache-maven-3.9.1\bin;C:\Program Files\Amazon\AWSCLIV2\;C:\Program Files\MySQL\MySQL Shell 8.0\bin\;C:\Users\R4FC0M\AppData\Local\Microsoft\WindowsApps;;C:\Program Files\JetBrains\IntelliJ IDEA Community Edition 2022.3.2\bin;;C:\Users\R4FC0M\AppData\Roaming\npm
USERNAME=R4FC0M
OS=Windows_NT
PROCESSOR_IDENTIFIER=Intel64 Family 6 Model 158 Stepping 10, GenuineIntel
TMP=C:\Users\R4FC0M\AppData\Local\Temp
TEMP=C:\Users\R4FC0M\AppData\Local\Temp



---------------  S Y S T E M  ---------------

OS:
 Windows 10 , 64 bit Build 19041 (10.0.19041.3636)
OS uptime: 18 days 15:54 hours
Hyper-V role detected

CPU: total 12 (initial active 12) (6 cores per cpu, 2 threads per core) family 6 model 158 stepping 10 microcode 0xb4, cx8, cmov, fxsr, ht, mmx, 3dnowpref, sse, sse2, sse3, ssse3, sse4.1, sse4.2, popcnt, lzcnt, tsc, tscinvbit, avx, avx2, aes, erms, clmul, bmi1, bmi2, rtm, adx, fma, vzeroupper, clflush, clflushopt, hv, rdtscp

Memory: 4k page, system-wide physical 16322M (1803M free)
TotalPageFile size 65474M (AvailPageFile size 5M)
current process WorkingSet (physical memory assigned to process): 256M, peak: 282M
current process commit charge ("private bytes"): 298M, peak: 404M

vm_info: Java HotSpot(TM) 64-Bit Server VM (19.0.2+7-44) for windows-amd64 JRE (19.0.2+7-44), built on 2022-11-30T18:02:09Z by "mach5one" with MS VC++ 17.1 (VS2022)

END.
